2.3294 	DEBUG 	Fullscreen settings ignored as running in pilot mode.
2.3298 	INFO 	Loaded monitor calibration from ['2025_12_16 10:09']
2.4850 	INFO 	Using renderer 'NVIDIA GeForce RTX 5070 Ti/PCIe/SSE2' for graphics
2.4850 	INFO 	OpenGL version supported by driver is 4..
2.4932 	EXP 	Created window1 = Window(allowGUI=False, allowStencil=False, autoLog=True, backendConf=UNKNOWN, backgroundFit=<method-wrapper '__getattribute__' of attributeSetter object at 0x0000016FF0AD6FB0>, backgroundImage=<method-wrapper '__getattribute__' of attributeSetter object at 0x0000016FF0AD6F50>, bitsMode=UNKNOWN, blendMode='avg', bpc=(8, 8, 8), color=array([0, 0, 0]), colorSpace='rgb', depthBits=8, fullscr=False, gamma=None, gammaErrorPolicy='raise', infoMsg=UNKNOWN, lms=UNKNOWN, monitor=<psychopy.monitors.calibTools.Monitor object at 0x0000016FF0090A90>, multiSample=False, name='window1', numSamples=2, pos=[np.float64(560.0), np.float64(240.0)], screen=0, size=array([800, 600]), stencilBits=0, stereo=False, title='PsychoPy', units='height', useFBO=True, useRetina=False, viewOri=0.0, viewPos=None, viewScale=None, waitBlanking=True, winType='pyglet')
2.4933 	EXP 	window1: backgroundImage = ''
2.4933 	EXP 	window1: backgroundFit = 'none'
2.5033 	DEBUG 	TextBox2 loaded 1 chars with 0 blanks and 1 valid
2.5101 	DEBUG 	TextBox2 loaded 1 chars with 0 blanks and 1 valid
2.5170 	DEBUG 	TextBox2 loaded 1 chars with 0 blanks and 1 valid
2.5233 	DEBUG 	TextBox2 loaded 1 chars with 0 blanks and 1 valid
2.5292 	DEBUG 	TextBox2 loaded 1 chars with 0 blanks and 1 valid
2.5351 	DEBUG 	TextBox2 loaded 1 chars with 0 blanks and 1 valid
2.5407 	DEBUG 	TextBox2 loaded 1 chars with 0 blanks and 1 valid
2.5463 	DEBUG 	TextBox2 loaded 1 chars with 0 blanks and 1 valid
2.5524 	DEBUG 	TextBox2 loaded 1 chars with 0 blanks and 1 valid
2.5581 	DEBUG 	TextBox2 loaded 1 chars with 0 blanks and 1 valid
2.5641 	DEBUG 	TextBox2 loaded 1 chars with 0 blanks and 1 valid
2.5704 	DEBUG 	TextBox2 loaded 1 chars with 0 blanks and 1 valid
2.5763 	DEBUG 	TextBox2 loaded 1 chars with 0 blanks and 1 valid
2.5822 	DEBUG 	TextBox2 loaded 1 chars with 0 blanks and 1 valid
2.5879 	DEBUG 	TextBox2 loaded 1 chars with 0 blanks and 1 valid
2.5940 	DEBUG 	TextBox2 loaded 1 chars with 0 blanks and 1 valid
2.6003 	DEBUG 	TextBox2 loaded 1 chars with 0 blanks and 1 valid
2.6060 	DEBUG 	TextBox2 loaded 1 chars with 0 blanks and 1 valid
2.6121 	DEBUG 	TextBox2 loaded 1 chars with 0 blanks and 1 valid
2.6178 	DEBUG 	TextBox2 loaded 1 chars with 0 blanks and 1 valid
2.6179 	DEBUG 	Uploading Texture Font fontname to graphics card
2.6195 	DEBUG 	Upload of Texture Font fontname complete
2.6284 	DEBUG 	TextBox2 loaded 1 chars with 0 blanks and 1 valid
2.6345 	DEBUG 	TextBox2 loaded 1 chars with 0 blanks and 1 valid
2.6406 	DEBUG 	TextBox2 loaded 1 chars with 0 blanks and 1 valid
2.6407 	DEBUG 	Uploading Texture Font fontname to graphics card
2.6416 	DEBUG 	Upload of Texture Font fontname complete
2.6427 	EXP 	window1: Attempting to measure frame rate of screen (0) ...
2.6428 	EXP 	window1: recordFrameIntervals = False
2.8084 	EXP 	window1: recordFrameIntervals = True
2.9922 	EXP 	Screen (0) actual frame rate measured at 59.97Hz
2.9922 	EXP 	window1: recordFrameIntervals = False
3.0004 	DEBUG 	TextBox2 loaded 1 chars with 0 blanks and 1 valid
3.0065 	DEBUG 	TextBox2 loaded 1 chars with 0 blanks and 1 valid
3.0124 	DEBUG 	TextBox2 loaded 1 chars with 0 blanks and 1 valid
3.0185 	DEBUG 	TextBox2 loaded 1 chars with 0 blanks and 1 valid
3.0245 	DEBUG 	TextBox2 loaded 1 chars with 0 blanks and 1 valid
3.0305 	DEBUG 	TextBox2 loaded 1 chars with 0 blanks and 1 valid
3.0363 	DEBUG 	TextBox2 loaded 1 chars with 0 blanks and 1 valid
3.0422 	DEBUG 	TextBox2 loaded 1 chars with 0 blanks and 1 valid
3.0483 	DEBUG 	TextBox2 loaded 1 chars with 0 blanks and 1 valid
3.0543 	DEBUG 	TextBox2 loaded 1 chars with 0 blanks and 1 valid
3.0605 	DEBUG 	TextBox2 loaded 1 chars with 0 blanks and 1 valid
3.0607 	DEBUG 	Uploading Texture Font fontname to graphics card
3.0610 	DEBUG 	Upload of Texture Font fontname complete
3.3181 	INFO 	keyboard.Keyboard is using ptb backend.
3.3181 	EXP 	DichoticListeningProbe: status = STARTED
3.4490 	INFO 	Loaded psychtoolbox audio version 3.0.19.696976569
3.4683 	WARNING 	No default speaker specified in Preferences / Hardware, using first speaker found: Speakers (Realtek(R) Audio)
3.4683 	DEBUG 	Found speaker device: Speakers (Realtek(R) Audio) (2.0)
3.5595 	INFO 	Created stream for speaker device: Speakers (Realtek(R) Audio) (2.0)
3.5603 	EXP 	: sampleRate = 48000
3.5603 	EXP 	: channels = None
3.5611 	EXP 	: sampleRate = 48000
3.9986 	WARNING 	No default speaker specified in Preferences / Hardware, using first speaker found: Speakers (Realtek(R) Audio)
3.9986 	DEBUG 	Found speaker device: Speakers (Realtek(R) Audio) (2.0)
4.0018 	INFO 	Created stream for speaker device: Speakers (Realtek(R) Audio) (2.0)
4.0026 	EXP 	: sampleRate = 48000
4.0026 	EXP 	: channels = None
4.0031 	EXP 	: sampleRate = 48000
4.4375 	WARNING 	No default speaker specified in Preferences / Hardware, using first speaker found: Speakers (Realtek(R) Audio)
4.4375 	DEBUG 	Found speaker device: Speakers (Realtek(R) Audio) (2.0)
4.4405 	INFO 	Created stream for speaker device: Speakers (Realtek(R) Audio) (2.0)
4.4413 	EXP 	: sampleRate = 48000
4.4414 	EXP 	: channels = None
4.4419 	EXP 	: sampleRate = 48000
4.8777 	WARNING 	No default speaker specified in Preferences / Hardware, using first speaker found: Speakers (Realtek(R) Audio)
4.8777 	DEBUG 	Found speaker device: Speakers (Realtek(R) Audio) (2.0)
4.8808 	INFO 	Created stream for speaker device: Speakers (Realtek(R) Audio) (2.0)
4.8817 	EXP 	: sampleRate = 48000
4.8817 	EXP 	: channels = None
4.8823 	EXP 	: sampleRate = 48000
5.3163 	WARNING 	No default speaker specified in Preferences / Hardware, using first speaker found: Speakers (Realtek(R) Audio)
5.3163 	DEBUG 	Found speaker device: Speakers (Realtek(R) Audio) (2.0)
5.3194 	INFO 	Created stream for speaker device: Speakers (Realtek(R) Audio) (2.0)
5.3202 	EXP 	: sampleRate = 48000
5.3202 	EXP 	: channels = None
5.3208 	EXP 	: sampleRate = 48000
5.7773 	EXP 	Created text_instructions = TextStim(__class__=<class 'psychopy.visual.text.TextStim'>, alignHoriz=method-wrapper(...), alignText='center', alignVert=method-wrapper(...), anchorHoriz='center', anchorVert='center', antialias=True, autoDraw=False, autoLog=True, bold=False, color=array([1., 1., 1.]), colorSpace='rgb', contrast=1.0, depth=-2.0, draggable=False, flipHoriz=False, flipVert=False, font='Arial', fontFiles=[], height=0.05, italic=False, languageStyle='LTR', name='text_instructions', opacity=1, ori=0.0, pos=array([0., 0.]), rgb=UNKNOWN, text='', units='height', win=Window(...), wrapWidth=1)
5.7777 	EXP 	Created text_prompt = TextStim(__class__=<class 'psychopy.visual.text.TextStim'>, alignHoriz=method-wrapper(...), alignText='center', alignVert=method-wrapper(...), anchorHoriz='center', anchorVert='center', antialias=True, autoDraw=False, autoLog=True, bold=False, color=array([1., 1., 1.]), colorSpace='rgb', contrast=1.0, depth=-1.0, draggable=False, flipHoriz=False, flipVert=False, font='Arial', fontFiles=[], height=0.05, italic=False, languageStyle='LTR', name='text_prompt', opacity=1, ori=0.0, pos=array([0., 0.]), rgb=UNKNOWN, text='', units='height', win=Window(...), wrapWidth=1)
5.7840 	WARNING 	No default speaker specified in Preferences / Hardware, using first speaker found: Speakers (Realtek(R) Audio)
5.7840 	DEBUG 	Found speaker device: Speakers (Realtek(R) Audio) (2.0)
5.7873 	INFO 	Created stream for speaker device: Speakers (Realtek(R) Audio) (2.0)
5.7882 	EXP 	bip: sampleRate = 48000
5.7882 	EXP 	bip: channels = None
5.7922 	DEBUG 	Converted audio clip from mono to stereo
5.7941 	EXP 	Sound bip set volume 1.000
5.7959 	EXP 	Created fixation_bip = ShapeStim(__class__=<class 'psychopy.visual.shape.ShapeStim'>, anchor=('center', 'center'), autoDraw=False, autoLog=True, closeShape=True, color=method-wrapper(...), colorSpace='rgb', contrast=None, depth=-2.0, draggable=False, fillColor=array([1, 1, 1]), fillColorSpace='rgb', fillRGB=array([1, 1, 1]), interpolate=True, lineColor=array([1., 1., 1.]), lineColorSpace='rgb', lineRGB=array([1, 1, 1]), lineWidth=1.0, name='fixation_bip', opacity=1, ori=0.0, pos=array([0., 0.]), size=array([0.1, 0.1]), units='height', vertices=ndarray(...), win=Window(...), windingRule=None)
5.7969 	EXP 	Created final_silence = ShapeStim(__class__=<class 'psychopy.visual.shape.ShapeStim'>, anchor=('center', 'center'), autoDraw=False, autoLog=True, closeShape=True, color=method-wrapper(...), colorSpace='rgb', contrast=None, depth=-3.0, draggable=False, fillColor=array([1, 1, 1]), fillColorSpace='rgb', fillRGB=array([1, 1, 1]), interpolate=True, lineColor=array([1., 1., 1.]), lineColorSpace='rgb', lineRGB=array([1, 1, 1]), lineWidth=1.0, name='final_silence', opacity=1, ori=0.0, pos=array([0., 0.]), size=array([0.1, 0.1]), units='height', vertices=ndarray(...), win=Window(...), windingRule=None)
5.7978 	EXP 	Created polygon = ShapeStim(__class__=<class 'psychopy.visual.shape.ShapeStim'>, anchor=('center', 'center'), autoDraw=False, autoLog=True, closeShape=True, color=method-wrapper(...), colorSpace='rgb', contrast=None, depth=-1.0, draggable=False, fillColor=array([1, 1, 1]), fillColorSpace='rgb', fillRGB=array([1, 1, 1]), interpolate=True, lineColor=array([1., 1., 1.]), lineColorSpace='rgb', lineRGB=array([1, 1, 1]), lineWidth=1.0, name='polygon', opacity=1, ori=0.0, pos=array([0., 0.]), size=array([0.1, 0.1]), units='height', vertices=ndarray(...), win=Window(...), windingRule=None)
5.8032 	WARNING 	No default speaker specified in Preferences / Hardware, using first speaker found: Speakers (Realtek(R) Audio)
5.8032 	DEBUG 	Found speaker device: Speakers (Realtek(R) Audio) (2.0)
5.8059 	INFO 	Created stream for speaker device: Speakers (Realtek(R) Audio) (2.0)
5.8066 	EXP 	bip: sampleRate = 48000
5.8066 	EXP 	bip: channels = None
5.8102 	DEBUG 	Converted audio clip from mono to stereo
5.8120 	EXP 	Sound bip set volume 1.000
5.8131 	EXP 	Created fixation_bip = ShapeStim(__class__=<class 'psychopy.visual.shape.ShapeStim'>, anchor=('center', 'center'), autoDraw=False, autoLog=True, closeShape=True, color=method-wrapper(...), colorSpace='rgb', contrast=None, depth=-2.0, draggable=False, fillColor=array([1, 1, 1]), fillColorSpace='rgb', fillRGB=array([1, 1, 1]), interpolate=True, lineColor=array([1., 1., 1.]), lineColorSpace='rgb', lineRGB=array([1, 1, 1]), lineWidth=1.0, name='fixation_bip', opacity=1, ori=0.0, pos=array([0., 0.]), size=array([0.1, 0.1]), units='height', vertices=ndarray(...), win=Window(...), windingRule=None)
5.8140 	EXP 	Created final_silence = ShapeStim(__class__=<class 'psychopy.visual.shape.ShapeStim'>, anchor=('center', 'center'), autoDraw=False, autoLog=True, closeShape=True, color=method-wrapper(...), colorSpace='rgb', contrast=None, depth=-3.0, draggable=False, fillColor=array([1, 1, 1]), fillColorSpace='rgb', fillRGB=array([1, 1, 1]), interpolate=True, lineColor=array([1., 1., 1.]), lineColorSpace='rgb', lineRGB=array([1, 1, 1]), lineWidth=1.0, name='final_silence', opacity=1, ori=0.0, pos=array([0., 0.]), size=array([0.1, 0.1]), units='height', vertices=ndarray(...), win=Window(...), windingRule=None)
5.8144 	EXP 	Created questionary_text0 = TextStim(__class__=<class 'psychopy.visual.text.TextStim'>, alignHoriz=method-wrapper(...), alignText='center', alignVert=method-wrapper(...), anchorHoriz='center', anchorVert='center', antialias=True, autoDraw=False, autoLog=True, bold=False, color=array([1., 1., 1.]), colorSpace='rgb', contrast=1.0, depth=-1.0, draggable=False, flipHoriz=False, flipVert=False, font='Arial', fontFiles=[], height=0.05, italic=False, languageStyle='LTR', name='questionary_text0', opacity=1, ori=0.0, pos=array([0., 0.]), rgb=UNKNOWN, text='', units='height', win=Window(...), wrapWidth=1)
5.8147 	EXP 	Created questionary_text1 = TextStim(__class__=<class 'psychopy.visual.text.TextStim'>, alignHoriz=method-wrapper(...), alignText='center', alignVert=method-wrapper(...), anchorHoriz='center', anchorVert='center', antialias=True, autoDraw=False, autoLog=True, bold=False, color=array([1., 1., 1.]), colorSpace='rgb', contrast=1.0, depth=-1.0, draggable=False, flipHoriz=False, flipVert=False, font='Arial', fontFiles=[], height=0.05, italic=False, languageStyle='LTR', name='questionary_text1', opacity=1, ori=0.0, pos=array([0., 0.]), rgb=UNKNOWN, text='', units='height', win=Window(...), wrapWidth=1)
5.8150 	EXP 	Created questionary_text2 = TextStim(__class__=<class 'psychopy.visual.text.TextStim'>, alignHoriz=method-wrapper(...), alignText='center', alignVert=method-wrapper(...), anchorHoriz='center', anchorVert='center', antialias=True, autoDraw=False, autoLog=True, bold=False, color=array([1., 1., 1.]), colorSpace='rgb', contrast=1.0, depth=-1.0, draggable=False, flipHoriz=False, flipVert=False, font='Arial', fontFiles=[], height=0.05, italic=False, languageStyle='LTR', name='questionary_text2', opacity=1, ori=0.0, pos=array([0., 0.]), rgb=UNKNOWN, text='', units='height', win=Window(...), wrapWidth=1)
5.8352 	EXP 	Created final_text = TextStim(__class__=<class 'psychopy.visual.text.TextStim'>, alignHoriz=method-wrapper(...), alignText='center', alignVert=method-wrapper(...), anchorHoriz='center', anchorVert='center', antialias=True, autoDraw=False, autoLog=True, bold=False, color=array([1., 1., 1.]), colorSpace='rgb', contrast=1.0, depth=-2.0, draggable=False, flipHoriz=False, flipVert=False, font='Arial', fontFiles=[], height=np.float64(0.05), italic=False, languageStyle='LTR', name='final_text', opacity=1, ori=0.0, pos=array([0., 0.]), rgb=UNKNOWN, text=str(...), units='height', win=Window(...), wrapWidth=1)
2.0072 	INFO 	Keyboard events cleared
2.0071 	EXP 	text_instructions: autoDraw = True
3.3611 	EXP 	Device response: <KeyPress from None: t=3.343154100002721, value=space, duration=None>
3.3629 	DEBUG 	Read csv file with pandas: conditions.csv
3.3634 	DEBUG 	Clearing unnamed columns from conditions.csv
3.3638 	EXP 	Imported conditions.csv as conditions, 5 conditions, 5 params
3.3639 	EXP 	New trial (rep=0, index=0): <Trial 0 (0 in rep 0) data={'ordered': np.False_, 'voice_L': 'M', 'voice_R': 'F', 'target': 'L', 'target_label': 'NO_M_F', 'thisN': 0, 'thisTrialN': 0, 'thisRepN': 0}>
3.3690 	DATA 	Keypress: space
3.3736 	INFO 	Keyboard events cleared
3.3735 	EXP 	text_instructions: autoDraw = False
3.3735 	EXP 	text_prompt: height = np.float64(0.05)
3.3735 	EXP 	text_prompt: height = np.float64(0.05)
3.3735 	EXP 	text_prompt: height = np.float64(0.05)
3.3735 	EXP 	text_prompt: text = 'Presta atención a la historia del lado DERECHO (>>>).\n\n\nApretá ESPACIO para continuar...'
3.3735 	EXP 	text_prompt: autoDraw = True
3.4247 	EXP 	Device response: <KeyPress from None: t=3.343154100002721, value=space, duration=0.07199309999123216>
3.5582 	EXP 	Device response: <KeyPress from None: t=3.551115000009304, value=space, duration=None>
3.5583 	EXP 	New trial (rep=0, index=0): <Trial 0 (0 in rep 0) data={'thisN': 0, 'thisTrialN': 0, 'thisRepN': 0}>
3.5589 	EXP 	bip: sampleRate = 48000
3.5597 	EXP 	Sound bip reached end of file
3.5737 	EXP 	Playing sound bip on speaker Speakers (Realtek(R) Audio)
3.5605 	DATA 	Keypress: space
3.5733 	EXP 	text_prompt: autoDraw = False
3.5733 	EXP 	fixation_bip: autoDraw = True
3.6412 	EXP 	Device response: <KeyPress from None: t=3.551115000009304, value=space, duration=0.08800719998544082>
4.0797 	EXP 	Sound bip reached end of file
4.0914 	EXP 	Sound bip reached end of file
4.1066 	EXP 	fixation_bip: autoDraw = False
4.1066 	EXP 	final_silence: autoDraw = True
4.5920 	EXP 	Sound  reached end of file
4.5920 	EXP 	Playing sound  on speaker Speakers (Realtek(R) Audio)
4.6071 	EXP 	final_silence: autoDraw = False
4.6071 	EXP 	fixation_bip: autoDraw = False
4.6071 	EXP 	final_silence: autoDraw = False
4.6071 	EXP 	polygon: autoDraw = True
305.2448 	EXP 	Sound  stopped
305.2450 	EXP 	New trial (rep=0, index=0): <Trial 0 (0 in rep 0) data={'thisN': 0, 'thisTrialN': 0, 'thisRepN': 0}>
305.2456 	EXP 	bip: sampleRate = 48000
305.2462 	EXP 	Sound bip reached end of file
305.2498 	EXP 	Playing sound bip on speaker Speakers (Realtek(R) Audio)
305.2500 	EXP 	polygon: autoDraw = False
305.2500 	EXP 	fixation_bip: autoDraw = True
305.7637 	EXP 	Sound bip reached end of file
305.7676 	EXP 	Sound bip reached end of file
305.7835 	EXP 	fixation_bip: autoDraw = False
305.7835 	EXP 	final_silence: autoDraw = True
306.2833 	INFO 	Keyboard events cleared
306.2833 	EXP 	final_silence: autoDraw = False
306.2833 	EXP 	fixation_bip: autoDraw = False
306.2833 	EXP 	final_silence: autoDraw = False
306.2833 	EXP 	questionary_text0: height = np.float64(0.05)
306.2833 	EXP 	questionary_text0: height = np.float64(0.05)
306.2833 	EXP 	questionary_text0: height = np.float64(0.05)
306.2833 	EXP 	questionary_text0: text = '¿Por qué el troll decidió dejar ir a Juan durante su primer encuentro en el puente?\n\n A: Porque acepto las piedras de carbón que Juan le ofreció.\n\n B: Porque Juan le prometió que su hermana vendría más tarde.\n\n C: Porque Juan le dijo que todavía era muy chiquito para ser comido.\n\n Presioná la opción que creas correcta (teclas A, B ó C)'
306.2833 	EXP 	questionary_text0: autoDraw = True
649.7289 	EXP 	Device response: <KeyPress from None: t=649.7139137999911, value=b, duration=None>
649.7369 	DATA 	Keypress: b
649.7442 	INFO 	Keyboard events cleared
649.7441 	EXP 	questionary_text0: autoDraw = False
649.7441 	EXP 	questionary_text1: height = np.float64(0.05)
649.7441 	EXP 	questionary_text1: height = np.float64(0.05)
649.7441 	EXP 	questionary_text1: height = np.float64(0.05)
649.7441 	EXP 	questionary_text1: text = 'Cuando Juan tenía quince años y se encontró nuevamente con el troll estando con Lucía, ¿cuál fue su reacción?\n\n A: Le pidió al troll que se comiera a su novia con tal de salvarse él.\n\n B: Intentó defender valientemente a Lucía enfrentándose a la criatura.\n\n C: Convenció al troll de que los dejara pasar a cambio de contarle sobre sus viajes por Europa.\n\n Presioná la opción que creas correcta (teclas A, B ó C)'
649.7441 	EXP 	questionary_text1: autoDraw = True
649.7957 	EXP 	Device response: <KeyPress from None: t=649.7139137999911, value=b, duration=0.0799346000130754>
649.8618 	EXP 	Device response: <KeyPress from None: t=649.8497056000051, value=b, duration=None>
649.8684 	DATA 	Keypress: b
649.8776 	INFO 	Keyboard events cleared
649.8776 	EXP 	questionary_text1: autoDraw = False
649.8776 	EXP 	questionary_text2: height = np.float64(0.05)
649.8776 	EXP 	questionary_text2: height = np.float64(0.05)
649.8776 	EXP 	questionary_text2: height = np.float64(0.05)
649.8776 	EXP 	questionary_text2: text = '¿Qué le sucede a Juan al final de la historia después de que el troll se come su alma?\n\n A: Se queda triste debido al ataque del monstruo bajo el puente.\n\n B: Se transforma en el nuevo troll.\n\n C: Regresa a su casa arrepentido para intentar recuperar a su esposa y a su hijo.\n\n Presioná la opción que creas correcta (teclas A, B ó C)'
649.8776 	EXP 	questionary_text2: autoDraw = True
649.9622 	EXP 	Device response: <KeyPress from None: t=649.8497056000051, value=b, duration=0.09606579999672249>
649.9960 	EXP 	Device response: <KeyPress from None: t=649.9857602999837, value=b, duration=None>
649.9961 	EXP 	New trial (rep=0, index=1): <Trial 1 (1 in rep 0) data={'ordered': np.False_, 'voice_L': 'F', 'voice_R': 'M', 'target': 'L', 'target_label': 'NO_F_M', 'thisN': 1, 'thisTrialN': 1, 'thisRepN': 0}>
649.9967 	DATA 	Keypress: b
650.0107 	INFO 	Keyboard events cleared
650.0107 	EXP 	questionary_text2: autoDraw = False
650.0107 	EXP 	text_prompt: text = 'Presta atención a la historia del lado DERECHO (>>>).\n\n\nApretá ESPACIO para continuar...'
650.0107 	EXP 	text_prompt: autoDraw = True
650.0791 	EXP 	Device response: <KeyPress from None: t=649.9857602999837, value=b, duration=0.08802010002546012>
650.1289 	EXP 	Device response: <KeyPress from None: t=650.1136987000064, value=b, duration=None>
650.1293 	DATA 	Keypress: b
650.2120 	EXP 	Device response: <KeyPress from None: t=650.1136987000064, value=b, duration=0.09606199999689125>
650.4119 	EXP 	Device response: <KeyPress from None: t=650.4098314000003, value=space, duration=None>
650.4121 	EXP 	New trial (rep=0, index=0): <Trial 0 (0 in rep 0) data={'thisN': 0, 'thisTrialN': 0, 'thisRepN': 0}>
650.4127 	EXP 	bip: sampleRate = 48000
650.4133 	EXP 	Sound bip reached end of file
650.4275 	EXP 	Playing sound bip on speaker Speakers (Realtek(R) Audio)
650.4138 	DATA 	Keypress: space
650.4278 	EXP 	text_prompt: autoDraw = False
650.4278 	EXP 	fixation_bip: autoDraw = True
650.5290 	EXP 	Device response: <KeyPress from None: t=650.4098314000003, value=space, duration=0.11197030000039376>
650.9324 	EXP 	Sound bip reached end of file
650.9455 	EXP 	Sound bip reached end of file
650.9612 	EXP 	fixation_bip: autoDraw = False
650.9612 	EXP 	final_silence: autoDraw = True
651.4458 	EXP 	Sound  reached end of file
651.4458 	EXP 	Playing sound  on speaker Speakers (Realtek(R) Audio)
651.4611 	EXP 	final_silence: autoDraw = False
651.4611 	EXP 	fixation_bip: autoDraw = False
651.4611 	EXP 	final_silence: autoDraw = False
651.4611 	EXP 	polygon: autoDraw = True
952.0861 	EXP 	Sound  stopped
952.0863 	EXP 	New trial (rep=0, index=0): <Trial 0 (0 in rep 0) data={'thisN': 0, 'thisTrialN': 0, 'thisRepN': 0}>
952.0869 	EXP 	bip: sampleRate = 48000
952.0875 	EXP 	Sound bip reached end of file
952.1038 	EXP 	Playing sound bip on speaker Speakers (Realtek(R) Audio)
952.1036 	EXP 	polygon: autoDraw = False
952.1036 	EXP 	fixation_bip: autoDraw = True
952.6050 	EXP 	Sound bip reached end of file
952.6218 	EXP 	Sound bip reached end of file
952.6375 	EXP 	fixation_bip: autoDraw = False
952.6375 	EXP 	final_silence: autoDraw = True
953.1382 	INFO 	Keyboard events cleared
953.1381 	EXP 	final_silence: autoDraw = False
953.1381 	EXP 	fixation_bip: autoDraw = False
953.1381 	EXP 	final_silence: autoDraw = False
953.1381 	EXP 	questionary_text0: height = np.float64(0.05)
953.1381 	EXP 	questionary_text0: height = np.float64(0.05)
953.1381 	EXP 	questionary_text0: height = np.float64(0.05)
953.1381 	EXP 	questionary_text0: text = '¿Cuál fue la respuesta inicial de Yoli ante la propuesta del rey intergaláctico de llevarla a su planeta?\n\n A: Rechaza la oferta, explicando que está felizmente casada con Ernesto desde hace cuarenta años y prefiere quedarse en la Tierra.\n\n B: Aceptó de inmediato, emocionada por la posibilidad de ser una reina y viajar por el espacio.\n\n C: Se escondió de las cámaras y negó ser la persona que el extraterrestre estaba buscando.\n\n Presioná la opción que creas correcta (teclas A, B ó C)'
953.1381 	EXP 	questionary_text0: autoDraw = True
1137.0951 	EXP 	Device response: <KeyPress from None: t=1137.0839828999888, value=c, duration=None>
1137.1022 	DATA 	Keypress: c
1137.1104 	INFO 	Keyboard events cleared
1137.1104 	EXP 	questionary_text0: autoDraw = False
1137.1104 	EXP 	questionary_text1: height = np.float64(0.05)
1137.1104 	EXP 	questionary_text1: height = np.float64(0.05)
1137.1104 	EXP 	questionary_text1: height = np.float64(0.05)
1137.1104 	EXP 	questionary_text1: text = '¿Qué ocurrió cuando la nave del rey finalmente aterrizó y reclamó la presencia de Yoli?\n\n A: Yoli corre inmediatamente hacia la nave para evitar que el rey cumpla su amenaza de destruir el mundo.\n\n B: El ejército impidió que Yoli se acerque a la nave y comenzaron a disparar contra el alienígena.\n\n C: Yoli lo hizo esperar y luego se reunieron en un café cercano.\n\n Presioná la opción que creas correcta (teclas A, B ó C)'
1137.1104 	EXP 	questionary_text1: autoDraw = True
1137.2116 	EXP 	Device response: <KeyPress from None: t=1137.0839828999888, value=c, duration=0.11990109999896958>
1137.3447 	EXP 	Device response: <KeyPress from None: t=1137.3398120999918, value=c, duration=None>
1137.3535 	DATA 	Keypress: c
1137.3602 	INFO 	Keyboard events cleared
1137.3601 	EXP 	questionary_text1: autoDraw = False
1137.3601 	EXP 	questionary_text2: height = np.float64(0.05)
1137.3601 	EXP 	questionary_text2: height = np.float64(0.05)
1137.3601 	EXP 	questionary_text2: height = np.float64(0.05)
1137.3601 	EXP 	questionary_text2: text = 'Según lo revelado por una amiga de Yoli al final del cuento, ¿cuál fue el verdadero motivo por el que ella decidió irse con el extraterrestre?\n\n A: Porque se sacrificó heroicamente para salvar a la humanidad, aunque amaba profundamente a su esposo.\n\n B: Porque sentía que su matrimonio se había vuelto una rutina y encontró algo en el rey que le encantaba.\n\n C: Porque el gobierno la obligó a subir a la nave bajo amenaza de prisión si no colaboraba.\n\n Presioná la opción que creas correcta (teclas A, B ó C)'
1137.3601 	EXP 	questionary_text2: autoDraw = True
1137.4611 	EXP 	Device response: <KeyPress from None: t=1137.3398120999918, value=c, duration=0.11201060001621954>
1137.5776 	EXP 	Device response: <KeyPress from None: t=1137.571808699984, value=c, duration=None>
1137.5777 	EXP 	New trial (rep=0, index=2): <Trial 2 (2 in rep 0) data={'ordered': np.True_, 'voice_L': 'M', 'voice_R': 'F', 'target': 'L', 'target_label': 'O_M_F', 'thisN': 2, 'thisTrialN': 2, 'thisRepN': 0}>
1137.5784 	DATA 	Keypress: c
1137.5935 	INFO 	Keyboard events cleared
1137.5935 	EXP 	questionary_text2: autoDraw = False
1137.5935 	EXP 	text_prompt: text = 'Presta atención a la historia del lado DERECHO (>>>).\n\n\nApretá ESPACIO para continuar...'
1137.5935 	EXP 	text_prompt: autoDraw = True
1137.6945 	EXP 	Device response: <KeyPress from None: t=1137.571808699984, value=c, duration=0.12003950000507757>
1138.6776 	EXP 	Device response: <KeyPress from None: t=1138.6758779000083, value=c, duration=None>
1138.6782 	DATA 	Keypress: c
1138.7949 	EXP 	Device response: <KeyPress from None: t=1138.6758779000083, value=c, duration=0.1119837999867741>
1191.7804 	DATA 	Keypress: space
1191.7962 	EXP 	Device response: <KeyPress from None: t=1191.780079499993, value=space, duration=None>
1191.7964 	EXP 	New trial (rep=0, index=0): <Trial 0 (0 in rep 0) data={'thisN': 0, 'thisTrialN': 0, 'thisRepN': 0}>
1191.7970 	EXP 	bip: sampleRate = 48000
1191.7976 	EXP 	Sound bip reached end of file
1191.8118 	EXP 	Playing sound bip on speaker Speakers (Realtek(R) Audio)
1191.8119 	EXP 	text_prompt: autoDraw = False
1191.8119 	EXP 	fixation_bip: autoDraw = True
1191.8796 	EXP 	Device response: <KeyPress from None: t=1191.780079499993, value=space, duration=0.08792900000116788>
1192.3171 	EXP 	Sound bip reached end of file
1192.3298 	EXP 	Sound bip reached end of file
1192.3453 	EXP 	fixation_bip: autoDraw = False
1192.3453 	EXP 	final_silence: autoDraw = True
1192.8307 	EXP 	Sound  reached end of file
1192.8307 	EXP 	Playing sound  on speaker Speakers (Realtek(R) Audio)
1192.8450 	EXP 	final_silence: autoDraw = False
1192.8450 	EXP 	fixation_bip: autoDraw = False
1192.8450 	EXP 	final_silence: autoDraw = False
1192.8450 	EXP 	polygon: autoDraw = True
1493.9812 	EXP 	Sound  stopped
1493.9814 	EXP 	New trial (rep=0, index=0): <Trial 0 (0 in rep 0) data={'thisN': 0, 'thisTrialN': 0, 'thisRepN': 0}>
1493.9820 	EXP 	bip: sampleRate = 48000
1493.9826 	EXP 	Sound bip reached end of file
1493.9881 	EXP 	Playing sound bip on speaker Speakers (Realtek(R) Audio)
1493.9880 	EXP 	polygon: autoDraw = False
1493.9880 	EXP 	fixation_bip: autoDraw = True
1494.4949 	EXP 	Sound bip reached end of file
1494.5063 	EXP 	Sound bip reached end of file
1494.5215 	EXP 	fixation_bip: autoDraw = False
1494.5215 	EXP 	final_silence: autoDraw = True
1495.0216 	INFO 	Keyboard events cleared
1495.0216 	EXP 	final_silence: autoDraw = False
1495.0216 	EXP 	fixation_bip: autoDraw = False
1495.0216 	EXP 	final_silence: autoDraw = False
1495.0216 	EXP 	questionary_text0: height = np.float64(0.05)
1495.0216 	EXP 	questionary_text0: height = np.float64(0.05)
1495.0216 	EXP 	questionary_text0: height = np.float64(0.05)
1495.0216 	EXP 	questionary_text0: text = '¿Qué sucedió con la primera novela que Simón Acosta escribió en papel antes de casarse con Luisa?\n\n A: Fue publicada por una editorial importante y se convirtió en un éxito de ventas.\n\n B: Fue rechazada por todos los editores, quienes le dijeron que era horrible.\n\n C: Nunca llegó a terminarla porque decidió comenzar a escribir solo en su mente.\n\n Presioná la opción que creas correcta (teclas A, B ó C)'
1495.0216 	EXP 	questionary_text0: autoDraw = True
1504.3062 	EXP 	Device response: <KeyPress from None: t=1504.2935123000061, value=a, duration=None>
1504.3136 	DATA 	Keypress: a
1504.3220 	INFO 	Keyboard events cleared
1504.3219 	EXP 	questionary_text0: autoDraw = False
1504.3219 	EXP 	questionary_text1: height = np.float64(0.05)
1504.3219 	EXP 	questionary_text1: height = np.float64(0.05)
1504.3219 	EXP 	questionary_text1: height = np.float64(0.05)
1504.3219 	EXP 	questionary_text1: text = '¿Cuál fue el motivo por el que Acosta decidió dejar de escribir físicamente sus libros el día que nació su hijo?\n\n A: Porque sintió mucho aburrimiento al darse cuenta de que ya se sabía el libro de memoria.\n\n B: Porque el ruido de la máquina de escribir despertaba al bebé y molestaba a su esposa.\n\n C: Porque consideró que sus historias eran demasiado complejas para ser escritas.\n\n Presioná la opción que creas correcta (teclas A, B ó C)'
1504.3219 	EXP 	questionary_text1: autoDraw = True
1504.4730 	EXP 	Device response: <KeyPress from None: t=1504.2935123000061, value=a, duration=0.16787509998539463>
1504.6400 	EXP 	Device response: <KeyPress from None: t=1504.6374300000025, value=b, duration=None>
1504.6471 	DATA 	Keypress: b
1504.6553 	INFO 	Keyboard events cleared
1504.6553 	EXP 	questionary_text1: autoDraw = False
1504.6553 	EXP 	questionary_text2: height = np.float64(0.05)
1504.6553 	EXP 	questionary_text2: height = np.float64(0.05)
1504.6553 	EXP 	questionary_text2: height = np.float64(0.05)
1504.6553 	EXP 	questionary_text2: text = 'Al final del cuento, ¿qué le ocurrió a Facundo cuando decidió mentirle a su madre sobre el cementerio?\n\n A: Se descubrió a sí mismo creando una ficción en su mente.\n\n B: Decidió escribir en un cuaderno la historia de sus padres para que no se pierda.\n\n C: Se sintió culpable por no haberle dicho la verdad sobre dónde estaba enterrado su padre.\n\n Presioná la opción que creas correcta (teclas A, B ó C)'
1504.6553 	EXP 	questionary_text2: autoDraw = True
1504.8229 	EXP 	Device response: <KeyPress from None: t=1504.6374300000025, value=b, duration=0.17594699998153374>
1504.9562 	EXP 	Device response: <KeyPress from None: t=1504.9493954000063, value=b, duration=None>
1504.9563 	EXP 	New trial (rep=0, index=3): <Trial 3 (3 in rep 0) data={'ordered': np.True_, 'voice_L': 'M', 'voice_R': 'F', 'target': 'R', 'target_label': 'O_M_F', 'thisN': 3, 'thisTrialN': 3, 'thisRepN': 0}>
1504.9570 	DATA 	Keypress: b
1504.9720 	INFO 	Keyboard events cleared
1504.9720 	EXP 	questionary_text2: autoDraw = False
1504.9720 	EXP 	text_prompt: text = 'Presta atención a la historia del lado DERECHO (>>>).\n\n\nApretá ESPACIO para continuar...'
1504.9720 	EXP 	text_prompt: autoDraw = True
1505.0896 	EXP 	Device response: <KeyPress from None: t=1504.9493954000063, value=b, duration=0.13603140000486746>
1505.7565 	EXP 	Device response: <KeyPress from None: t=1505.749442100001, value=space, duration=None>
1505.7567 	EXP 	New trial (rep=0, index=0): <Trial 0 (0 in rep 0) data={'thisN': 0, 'thisTrialN': 0, 'thisRepN': 0}>
1505.7573 	EXP 	bip: sampleRate = 48000
1505.7579 	EXP 	Sound bip reached end of file
1505.7720 	EXP 	Playing sound bip on speaker Speakers (Realtek(R) Audio)
1505.7583 	DATA 	Keypress: space
1505.7719 	EXP 	text_prompt: autoDraw = False
1505.7719 	EXP 	fixation_bip: autoDraw = True
1505.9563 	EXP 	Device response: <KeyPress from None: t=1505.749442100001, value=space, duration=0.1919480999931693>
1506.2740 	EXP 	Sound bip reached end of file
1506.2894 	EXP 	Sound bip reached end of file
1506.3055 	EXP 	fixation_bip: autoDraw = False
1506.3055 	EXP 	final_silence: autoDraw = True
1506.7907 	EXP 	Sound  reached end of file
1506.7908 	EXP 	Playing sound  on speaker Speakers (Realtek(R) Audio)
1506.8053 	EXP 	final_silence: autoDraw = False
1506.8053 	EXP 	fixation_bip: autoDraw = False
1506.8053 	EXP 	final_silence: autoDraw = False
1506.8053 	EXP 	polygon: autoDraw = True
1807.0864 	EXP 	Sound  stopped
1807.0866 	EXP 	New trial (rep=0, index=0): <Trial 0 (0 in rep 0) data={'thisN': 0, 'thisTrialN': 0, 'thisRepN': 0}>
1807.0873 	EXP 	bip: sampleRate = 48000
1807.0878 	EXP 	Sound bip reached end of file
1807.0988 	EXP 	Playing sound bip on speaker Speakers (Realtek(R) Audio)
1807.0984 	EXP 	polygon: autoDraw = False
1807.0984 	EXP 	fixation_bip: autoDraw = True
1807.6023 	EXP 	Sound bip reached end of file
1807.6160 	EXP 	Sound bip reached end of file
1807.6319 	EXP 	fixation_bip: autoDraw = False
1807.6319 	EXP 	final_silence: autoDraw = True
1808.1318 	INFO 	Keyboard events cleared
1808.1318 	EXP 	final_silence: autoDraw = False
1808.1318 	EXP 	fixation_bip: autoDraw = False
1808.1318 	EXP 	final_silence: autoDraw = False
1808.1318 	EXP 	questionary_text0: height = np.float64(0.05)
1808.1318 	EXP 	questionary_text0: height = np.float64(0.05)
1808.1318 	EXP 	questionary_text0: height = np.float64(0.05)
1808.1318 	EXP 	questionary_text0: text = '¿Qué contaba Lorenzo sobre sus primeros días de clases cuando regresaba a casa?\n\n A: Que la maestra le había enseñado muchas cosas nuevas y tenía mucha tarea.\n\n B: Que se sentía muy solo porque nadie quería jugar con él en el recreo.\n\n C: Que un compañero llamado Camilo se portaba mal y vivía en penitencia.\n\n Presioná la opción que creas correcta (teclas A, B ó C)'
1808.1318 	EXP 	questionary_text0: autoDraw = True
1811.2496 	EXP 	Device response: <KeyPress from None: t=1811.2468489999883, value=b, duration=None>
1811.2579 	DATA 	Keypress: b
1811.2654 	INFO 	Keyboard events cleared
1811.2654 	EXP 	questionary_text0: autoDraw = False
1811.2654 	EXP 	questionary_text1: height = np.float64(0.05)
1811.2654 	EXP 	questionary_text1: height = np.float64(0.05)
1811.2654 	EXP 	questionary_text1: height = np.float64(0.05)
1811.2654 	EXP 	questionary_text1: text = '¿Cómo afectaron las historias sobre Camilo a la vida cotidiana de la familia de Lorenzo?\n\n A: Los padres decidieron hablar con la directora inmediatamente para expulsar al niño problemático.\n\n B: El comportamiento de Camilo se volvió un tema recurrente y usaban su nombre para describir sus propios errores domésticos.\n\n C: Mariana le prohibió a Lorenzo que se juntara con Camilo para evitar que aprendiera malas palabras.\n\n Presioná la opción que creas correcta (teclas A, B ó C)'
1811.2654 	EXP 	questionary_text1: autoDraw = True
1811.3831 	EXP 	Device response: <KeyPress from None: t=1811.2468489999883, value=b, duration=0.11988080001901835>
1811.4333 	EXP 	Device response: <KeyPress from None: t=1811.4307224999939, value=b, duration=None>
1811.4391 	DATA 	Keypress: b
1811.4487 	INFO 	Keyboard events cleared
1811.4486 	EXP 	questionary_text1: autoDraw = False
1811.4486 	EXP 	questionary_text2: height = np.float64(0.05)
1811.4486 	EXP 	questionary_text2: height = np.float64(0.05)
1811.4486 	EXP 	questionary_text2: height = np.float64(0.05)
1811.4486 	EXP 	questionary_text2: text = '¿Qué descubrió Mariana al hablar con la maestra durante la reunión de padres?\n\n A: Que Camilo era el hijo de la directora y por eso hacía lo que quería.\n\n B: Que Camilo se había mudado de escuela justo antes de la reunión.\n\n C: Que no existía ningún alumno llamado Camilo.\n\n Presioná la opción que creas correcta (teclas A, B ó C)'
1811.4486 	EXP 	questionary_text2: autoDraw = True
1811.5167 	EXP 	Device response: <KeyPress from None: t=1811.4307224999939, value=b, duration=0.07999550001113676>
1811.5833 	EXP 	Device response: <KeyPress from None: t=1811.5747186999943, value=b, duration=None>
1811.5834 	EXP 	New trial (rep=0, index=4): <Trial 4 (4 in rep 0) data={'ordered': np.False_, 'voice_L': 'M', 'voice_R': 'F', 'target': 'R', 'target_label': 'NO_M_F', 'thisN': 4, 'thisTrialN': 4, 'thisRepN': 0}>
1811.5841 	DATA 	Keypress: b
1811.5984 	INFO 	Keyboard events cleared
1811.5983 	EXP 	questionary_text2: autoDraw = False
1811.5983 	EXP 	text_prompt: text = 'Presta atención a la historia del lado DERECHO (>>>).\n\n\nApretá ESPACIO para continuar...'
1811.5983 	EXP 	text_prompt: autoDraw = True
1811.6665 	EXP 	Device response: <KeyPress from None: t=1811.5747186999943, value=b, duration=0.08797809999668971>
1811.7334 	EXP 	Device response: <KeyPress from None: t=1811.7267085000058, value=b, duration=None>
1811.7339 	DATA 	Keypress: b
1811.8165 	EXP 	Device response: <KeyPress from None: t=1811.7267085000058, value=b, duration=0.07998680000309832>
1812.1670 	DATA 	Keypress: space
1812.1832 	EXP 	Device response: <KeyPress from None: t=1812.1667028999946, value=space, duration=None>
1812.1834 	EXP 	New trial (rep=0, index=0): <Trial 0 (0 in rep 0) data={'thisN': 0, 'thisTrialN': 0, 'thisRepN': 0}>
1812.1840 	EXP 	bip: sampleRate = 48000
1812.1846 	EXP 	Sound bip reached end of file
1812.1984 	EXP 	Playing sound bip on speaker Speakers (Realtek(R) Audio)
1812.1988 	EXP 	text_prompt: autoDraw = False
1812.1988 	EXP 	fixation_bip: autoDraw = True
1812.3165 	EXP 	Device response: <KeyPress from None: t=1812.1667028999946, value=space, duration=0.13601059999200515>
1812.7014 	EXP 	Sound bip reached end of file
1812.7161 	EXP 	Sound bip reached end of file
1812.7319 	EXP 	fixation_bip: autoDraw = False
1812.7319 	EXP 	final_silence: autoDraw = True
1813.2172 	EXP 	Sound  reached end of file
1813.2172 	EXP 	Playing sound  on speaker Speakers (Realtek(R) Audio)
1813.2318 	EXP 	final_silence: autoDraw = False
1813.2318 	EXP 	fixation_bip: autoDraw = False
1813.2318 	EXP 	final_silence: autoDraw = False
1813.2318 	EXP 	polygon: autoDraw = True
2112.9083 	EXP 	Sound  stopped
2112.9086 	EXP 	New trial (rep=0, index=0): <Trial 0 (0 in rep 0) data={'thisN': 0, 'thisTrialN': 0, 'thisRepN': 0}>
2112.9092 	EXP 	bip: sampleRate = 48000
2112.9098 	EXP 	Sound bip reached end of file
2112.9253 	EXP 	Playing sound bip on speaker Speakers (Realtek(R) Audio)
2112.9248 	EXP 	polygon: autoDraw = False
2112.9248 	EXP 	fixation_bip: autoDraw = True
2113.4274 	EXP 	Sound bip reached end of file
2113.4426 	EXP 	Sound bip reached end of file
2113.4584 	EXP 	fixation_bip: autoDraw = False
2113.4584 	EXP 	final_silence: autoDraw = True
2113.9584 	INFO 	Keyboard events cleared
2113.9584 	EXP 	final_silence: autoDraw = False
2113.9584 	EXP 	fixation_bip: autoDraw = False
2113.9584 	EXP 	final_silence: autoDraw = False
2113.9584 	EXP 	questionary_text0: height = np.float64(0.05)
2113.9584 	EXP 	questionary_text0: height = np.float64(0.05)
2113.9584 	EXP 	questionary_text0: height = np.float64(0.05)
2113.9584 	EXP 	questionary_text0: text = '¿Qué solía pedir el maestro Esteban a cambio de sus pinturas durante sus viajes por el reino?\n\n A: Telas y pinceles nuevos para seguir trabajando.\n\n B: Platos de arroz para él y su discípulo.\n\n C: Monedas de plata y oro.\n\n Presioná la opción que creas correcta (teclas A, B ó C)'
2113.9584 	EXP 	questionary_text0: autoDraw = True
2576.2918 	EXP 	Device response: <KeyPress from None: t=2576.2903234999976, value=b, duration=None>
2576.2989 	DATA 	Keypress: b
2576.3071 	INFO 	Keyboard events cleared
2576.3071 	EXP 	questionary_text0: autoDraw = False
2576.3071 	EXP 	questionary_text1: height = np.float64(0.05)
2576.3071 	EXP 	questionary_text1: height = np.float64(0.05)
2576.3071 	EXP 	questionary_text1: height = np.float64(0.05)
2576.3071 	EXP 	questionary_text1: text = '¿Cuál fue el motivo por el cual el emperador decidió castigar a Esteban?\n\n A: Porque Esteban se negó a pintar un retrato de la familia imperial.\n\n B: Porque el emperador sentía que la realidad era menos bella que las pinturas del maestro.\n\n C: Porque el pintor había robado un lienzo inconcluso del palacio hacía muchos años.\n\n Presioná la opción que creas correcta (teclas A, B ó C)'
2576.3071 	EXP 	questionary_text1: autoDraw = True
2576.4084 	EXP 	Device response: <KeyPress from None: t=2576.2903234999976, value=b, duration=0.10374590000719763>
2576.4915 	EXP 	Device response: <KeyPress from None: t=2576.4820160999952, value=b, duration=None>
2576.4980 	DATA 	Keypress: b
2576.5072 	INFO 	Keyboard events cleared
2576.5071 	EXP 	questionary_text1: autoDraw = False
2576.5071 	EXP 	questionary_text2: height = np.float64(0.05)
2576.5071 	EXP 	questionary_text2: height = np.float64(0.05)
2576.5071 	EXP 	questionary_text2: height = np.float64(0.05)
2576.5071 	EXP 	questionary_text2: text = '¿Cómo logró Esteban escapar del castigo impuesto por el emperador?\n\n A: Aprovechó la distracción de los soldados para huir por las montañas.\n\n B: Pintó a su discípulo y un barco en el lienzo para que ambos se marchen navegando por el cuadro.\n\n C: Convenció al emperador de que el mar real es más hermoso que el que acaba de terminar.\n\n Presioná la opción que creas correcta (teclas A, B ó C)'
2576.5071 	EXP 	questionary_text2: autoDraw = True
2576.5748 	EXP 	Device response: <KeyPress from None: t=2576.4820160999952, value=b, duration=0.07999960001325235>
2576.6582 	EXP 	Device response: <KeyPress from None: t=2576.6500156999973, value=b, duration=None>
2576.6591 	DATA 	Keypress: b
2576.6736 	INFO 	Keyboard events cleared
2576.6735 	EXP 	questionary_text2: autoDraw = False
2576.6735 	EXP 	final_text: autoDraw = True
2576.7412 	EXP 	Device response: <KeyPress from None: t=2576.6500156999973, value=b, duration=0.08000059999176301>
2576.8080 	EXP 	Device response: <KeyPress from None: t=2576.802002100012, value=b, duration=None>
2576.8085 	DATA 	Keypress: b
2576.8933 	EXP 	Device response: <KeyPress from None: t=2576.802002100012, value=b, duration=0.080010499979835>
2577.3080 	EXP 	Device response: <KeyPress from None: t=2577.306067700003, value=space, duration=None>
2577.3084 	DATA 	Keypress: space
2577.3237 	EXP 	final_text: autoDraw = False
2577.3253 	EXP 	DichoticListeningProbe: status = STOPPED
2577.3302 	INFO 	saved data to 'C:\\Users\\jocta\\repos\\Dichotic\\psychopy_experiment\\data\\pilot_DichoticListeningProbe_2026-01-12_20h42.38.592.csv'
2577.3309 	INFO 	saved data to C:\Users\jocta\repos\Dichotic\psychopy_experiment\data\pilot_DichoticListeningProbe_2026-01-12_20h42.38.592.psydat
2577.4263 	DEBUG 	Saving data for DichoticListeningProbe ExperimentHandler
2577.4276 	WARNING 	Stopping key buffers but this could be dangerous ifother keyboards rely on the same.
