2.7782 	DEBUG 	Fullscreen settings ignored as running in pilot mode.
2.7787 	INFO 	Loaded monitor calibration from ['2025_07_28 13:00']
2.9822 	INFO 	Using renderer 'NVIDIA GeForce RTX 3060 Ti/PCIe/SSE2' for graphics
2.9822 	INFO 	OpenGL version supported by driver is 4..
2.9914 	EXP 	Created window1 = Window(allowGUI=False, allowStencil=False, autoLog=True, backendConf=UNKNOWN, backgroundFit=<method-wrapper '__getattribute__' of attributeSetter object at 0x00000266548F2380>, backgroundImage=<method-wrapper '__getattribute__' of attributeSetter object at 0x00000266548F2320>, bitsMode=UNKNOWN, blendMode='avg', bpc=(8, 8, 8), color=array([0, 0, 0]), colorSpace='rgb', depthBits=8, fullscr=False, gamma=None, gammaErrorPolicy='raise', infoMsg=UNKNOWN, lms=UNKNOWN, monitor=<psychopy.monitors.calibTools.Monitor object at 0x00000266549D4400>, multiSample=False, name='window1', numSamples=2, pos=[np.float64(560.0), np.float64(240.0)], screen=0, size=array([800, 600]), stencilBits=0, stereo=False, title='PsychoPy', units='height', useFBO=True, useRetina=False, viewOri=0.0, viewPos=None, viewScale=None, waitBlanking=True, winType='pyglet')
2.9914 	EXP 	window1: backgroundImage = ''
2.9914 	EXP 	window1: backgroundFit = 'none'
3.0045 	DEBUG 	TextBox2 loaded 1 chars with 0 blanks and 1 valid
3.0133 	DEBUG 	TextBox2 loaded 1 chars with 0 blanks and 1 valid
3.0220 	DEBUG 	TextBox2 loaded 1 chars with 0 blanks and 1 valid
3.0309 	DEBUG 	TextBox2 loaded 1 chars with 0 blanks and 1 valid
3.0397 	DEBUG 	TextBox2 loaded 1 chars with 0 blanks and 1 valid
3.0482 	DEBUG 	TextBox2 loaded 1 chars with 0 blanks and 1 valid
3.0567 	DEBUG 	TextBox2 loaded 1 chars with 0 blanks and 1 valid
3.0656 	DEBUG 	TextBox2 loaded 1 chars with 0 blanks and 1 valid
3.0738 	DEBUG 	TextBox2 loaded 1 chars with 0 blanks and 1 valid
3.0820 	DEBUG 	TextBox2 loaded 1 chars with 0 blanks and 1 valid
3.0906 	DEBUG 	TextBox2 loaded 1 chars with 0 blanks and 1 valid
3.0992 	DEBUG 	TextBox2 loaded 1 chars with 0 blanks and 1 valid
3.1077 	DEBUG 	TextBox2 loaded 1 chars with 0 blanks and 1 valid
3.1162 	DEBUG 	TextBox2 loaded 1 chars with 0 blanks and 1 valid
3.1248 	DEBUG 	TextBox2 loaded 1 chars with 0 blanks and 1 valid
3.1333 	DEBUG 	TextBox2 loaded 1 chars with 0 blanks and 1 valid
3.1420 	DEBUG 	TextBox2 loaded 1 chars with 0 blanks and 1 valid
3.1505 	DEBUG 	TextBox2 loaded 1 chars with 0 blanks and 1 valid
3.1589 	DEBUG 	TextBox2 loaded 1 chars with 0 blanks and 1 valid
3.1677 	DEBUG 	TextBox2 loaded 1 chars with 0 blanks and 1 valid
3.1760 	DEBUG 	TextBox2 loaded 1 chars with 0 blanks and 1 valid
3.1763 	DEBUG 	Uploading Texture Font fontname to graphics card
3.1779 	DEBUG 	Upload of Texture Font fontname complete
3.1901 	DEBUG 	TextBox2 loaded 1 chars with 0 blanks and 1 valid
3.1988 	DEBUG 	TextBox2 loaded 1 chars with 0 blanks and 1 valid
3.2075 	DEBUG 	TextBox2 loaded 1 chars with 0 blanks and 1 valid
3.2077 	DEBUG 	Uploading Texture Font fontname to graphics card
3.2084 	DEBUG 	Upload of Texture Font fontname complete
3.2097 	EXP 	window1: Attempting to measure frame rate of screen (0) ...
3.2097 	EXP 	window1: recordFrameIntervals = False
3.3829 	EXP 	window1: recordFrameIntervals = True
3.5669 	EXP 	Screen (0) actual frame rate measured at 59.45Hz
3.5670 	EXP 	window1: recordFrameIntervals = False
3.5805 	DEBUG 	TextBox2 loaded 1 chars with 0 blanks and 1 valid
3.5891 	DEBUG 	TextBox2 loaded 1 chars with 0 blanks and 1 valid
3.5978 	DEBUG 	TextBox2 loaded 1 chars with 0 blanks and 1 valid
3.6066 	DEBUG 	TextBox2 loaded 1 chars with 0 blanks and 1 valid
3.6156 	DEBUG 	TextBox2 loaded 1 chars with 0 blanks and 1 valid
3.6243 	DEBUG 	TextBox2 loaded 1 chars with 0 blanks and 1 valid
3.6329 	DEBUG 	TextBox2 loaded 1 chars with 0 blanks and 1 valid
3.6420 	DEBUG 	TextBox2 loaded 1 chars with 0 blanks and 1 valid
3.6507 	DEBUG 	TextBox2 loaded 1 chars with 0 blanks and 1 valid
3.6593 	DEBUG 	TextBox2 loaded 1 chars with 0 blanks and 1 valid
3.6596 	DEBUG 	Uploading Texture Font fontname to graphics card
3.6600 	DEBUG 	Upload of Texture Font fontname complete
3.8182 	INFO 	keyboard.Keyboard is using ptb backend.
3.8195 	WARNING 	Both 'index' and 'name' were provided to SpeakerDevice; ignoring 'index'
3.9663 	DEBUG 	Found speaker device: Realtek HD Audio 2nd output (Realtek(R) Audio) (4.0)
3.9783 	INFO 	New audio device 4 with handle 0 opened as PortAudio stream:
3.9784 	INFO 	For 2 channels Playback: Audio subsystem is Windows WASAPI, Audio device name is Realtek HD Audio 2nd output (Realtek(R) Audio)
3.9784 	INFO 	Real samplerate 48000.000000 Hz. Input latency 0.000000 msecs, Output latency 22.000000 msecs.
3.9784 	INFO 	Created stream for speaker device: Realtek HD Audio 2nd output (Realtek(R) Audio) (4.0)
3.9791 	EXP 	dichotic_listening: status = STARTED
3.9914 	INFO 	Loaded psychtoolbox audio version 3.0.19.696976569
3.9915 	EXP 	bip: sampleRate = 48000
3.9916 	EXP 	bip: channels = None
3.9967 	DEBUG 	Converted audio clip from mono to stereo
3.9992 	EXP 	Sound bip set volume 1.000
4.0094 	EXP 	Created text = TextStim(__class__=<class 'psychopy.visual.text.TextStim'>, alignHoriz=method-wrapper(...), alignText='center', alignVert=method-wrapper(...), anchorHoriz='center', anchorVert='center', antialias=True, autoDraw=False, autoLog=True, bold=False, color=array([1., 1., 1.]), colorSpace='rgb', contrast=1.0, depth=-1.0, draggable=False, flipHoriz=False, flipVert=False, font='Arial', fontFiles=[], height=0.05, italic=False, languageStyle='LTR', name='text', opacity=1, ori=0.0, pos=array([0., 0.]), rgb=UNKNOWN, text='', units='height', win=Window(...), wrapWidth=1)
4.0194 	EXP 	bip: sampleRate = 48000
4.0194 	EXP 	bip: channels = None
4.0243 	DEBUG 	Converted audio clip from mono to stereo
4.0267 	EXP 	Sound bip set volume 1.000
4.0374 	WARNING 	No default speaker specified in Preferences / Hardware, using first speaker found: HP X27 (NVIDIA High Definition Audio)
4.0375 	DEBUG 	Found speaker device: HP X27 (NVIDIA High Definition Audio) (3.0)
4.0481 	INFO 	Created stream for speaker device: HP X27 (NVIDIA High Definition Audio) (3.0)
4.0490 	EXP 	audiobook: sampleRate = 48000
4.0490 	EXP 	audiobook: channels = None
4.0539 	DEBUG 	Converted audio clip from mono to stereo
4.0562 	EXP 	Sound audiobook set volume 1.000
4.0587 	EXP 	Created fixation_listening = ShapeStim(__class__=<class 'psychopy.visual.shape.ShapeStim'>, anchor=('center', 'center'), autoDraw=False, autoLog=True, closeShape=True, color=method-wrapper(...), colorSpace='rgb', contrast=None, depth=-2.0, draggable=False, fillColor=array([1, 1, 1]), fillColorSpace='rgb', fillRGB=array([1, 1, 1]), interpolate=True, lineColor=array([1., 1., 1.]), lineColorSpace='rgb', lineRGB=array([1, 1, 1]), lineWidth=1.0, name='fixation_listening', opacity=1, ori=0.0, pos=array([0., 0.]), size=array([0.1, 0.1]), units='height', vertices=ndarray(...), win=Window(...), windingRule=None)
4.0689 	EXP 	bip: sampleRate = 48000
4.0689 	EXP 	bip: channels = None
4.0737 	DEBUG 	Converted audio clip from mono to stereo
4.0761 	EXP 	Sound bip set volume 1.000
4.0768 	EXP 	Created questionary_text = TextStim(__class__=<class 'psychopy.visual.text.TextStim'>, alignHoriz=method-wrapper(...), alignText='center', alignVert=method-wrapper(...), anchorHoriz='center', anchorVert='center', antialias=True, autoDraw=False, autoLog=True, bold=False, color=array([1., 1., 1.]), colorSpace='rgb', contrast=1.0, depth=-2.0, draggable=False, flipHoriz=False, flipVert=False, font='Arial', fontFiles=[], height=0.05, italic=False, languageStyle='LTR', name='questionary_text', opacity=1, ori=0.0, pos=array([0., 0.]), rgb=UNKNOWN, text='', units='height', win=Window(...), wrapWidth=1)
0.0561 	EXP 	bip: sampleRate = 48000
0.0565 	DEBUG 	Converted audio clip from mono to stereo
0.0569 	EXP 	Sound bip reached end of file
0.0704 	EXP 	Playing sound bip on speaker Realtek HD Audio 2nd output (Realtek(R) Audio)
1.0693 	EXP 	Sound bip reached end of file
1.0921 	EXP 	Sound bip reached end of file
1.1059 	INFO 	Keyboard events cleared
56.6270 	EXP 	Device response: <KeyPress from None: t=56.61016749998089, value=space, duration=None>
56.6322 	DEBUG 	Read excel file with openpyxl: conditions.xlsx
56.6328 	EXP 	Imported conditions.xlsx as conditions, 8 conditions, 6 params
56.6333 	EXP 	New trial (rep=0, index=0): <Trial 0 (0 in rep 0) data={'story_a_side': 'right', 'story_b_side': 'left', 'story_a_voice': 'M', 'story_b_voice': 'F', 'condition_label': 'FR_ML_BA', 'target': 'Left', 'thisN': 0, 'thisTrialN': 0, 'thisRepN': 0}>
56.6586 	DATA 	Keypress: space
56.6700 	INFO 	Keyboard events cleared
56.6700 	EXP 	text: height = np.float64(0.05)
56.6700 	EXP 	text: height = np.float64(0.05)
56.6700 	EXP 	text: height = np.float64(0.05)
56.6700 	EXP 	text: text = 'Presta atención a la historia del lado izquierdo.\n\n\nPresioná la barra espaciadora para continuar...'
56.6700 	EXP 	text: autoDraw = True
56.7401 	EXP 	Device response: <KeyPress from None: t=56.61016749998089, value=space, duration=0.12801979994401336>
57.7239 	EXP 	Device response: <KeyPress from None: t=57.722182099940255, value=space, duration=None>
57.7242 	EXP 	New trial (rep=0, index=0): <Trial 0 (0 in rep 0) data={'thisN': 0, 'thisTrialN': 0, 'thisRepN': 0}>
57.7245 	EXP 	bip: sampleRate = 48000
57.7249 	DEBUG 	Converted audio clip from mono to stereo
57.7253 	EXP 	Sound bip reached end of file
57.7383 	EXP 	Playing sound bip on speaker Realtek HD Audio 2nd output (Realtek(R) Audio)
57.7257 	DATA 	Keypress: space
57.7383 	EXP 	text: autoDraw = False
57.8251 	EXP 	Device response: <KeyPress from None: t=57.722182099940255, value=space, duration=0.08797210000921041>
58.7429 	EXP 	Sound bip reached end of file
58.7551 	EXP 	Sound bip reached end of file
58.7552 	EXP 	New trial (rep=1, index=0): <Trial 1 (0 in rep 1) data={'thisN': 1, 'thisTrialN': 0, 'thisRepN': 1}>
58.7554 	EXP 	bip: sampleRate = 48000
58.7556 	DEBUG 	Converted audio clip from mono to stereo
58.7558 	EXP 	Sound bip reached end of file
58.7702 	EXP 	Playing sound bip on speaker Realtek HD Audio 2nd output (Realtek(R) Audio)
59.4080 	EXP 	Device response: <KeyPress from None: t=59.4023589999415, value=escape, duration=None>
59.4085 	DATA 	Keypress: escape
59.5077 	EXP 	Device response: <KeyPress from None: t=59.4023589999415, value=escape, duration=0.09583710005972534>
59.5077 	EXP 	dichotic_listening: status = STOPPED
59.5235 	EXP 	dichotic_listening: status = STOPPED
59.5261 	INFO 	saved data to 'C:\\Users\\User\\repos\\Dichotic\\psychopy_experiment\\data\\pilot_dichotic_listening_2025-12-19_17h59.59.751.csv'
59.5268 	INFO 	saved data to C:\Users\User\repos\Dichotic\psychopy_experiment\data\pilot_dichotic_listening_2025-12-19_17h59.59.751.psydat
59.6263 	DEBUG 	Saving data for dichotic_listening ExperimentHandler
59.6273 	WARNING 	Stopping key buffers but this could be dangerous ifother keyboards rely on the same.
