3.0151 	DEBUG 	Fullscreen settings ignored as running in pilot mode.
3.0156 	INFO 	Loaded monitor calibration from ['2025_07_28 13:00']
3.2140 	INFO 	Using renderer 'NVIDIA GeForce RTX 3060 Ti/PCIe/SSE2' for graphics
3.2140 	INFO 	OpenGL version supported by driver is 4..
3.2235 	EXP 	Created window1 = Window(allowGUI=False, allowStencil=False, autoLog=True, backendConf=UNKNOWN, backgroundFit=<method-wrapper '__getattribute__' of attributeSetter object at 0x0000026148827EB0>, backgroundImage=<method-wrapper '__getattribute__' of attributeSetter object at 0x0000026148827E50>, bitsMode=UNKNOWN, blendMode='avg', bpc=(8, 8, 8), color=array([0, 0, 0]), colorSpace='rgb', depthBits=8, fullscr=False, gamma=None, gammaErrorPolicy='raise', infoMsg=UNKNOWN, lms=UNKNOWN, monitor=<psychopy.monitors.calibTools.Monitor object at 0x0000026148919F30>, multiSample=False, name='window1', numSamples=2, pos=[np.float64(560.0), np.float64(240.0)], screen=0, size=array([800, 600]), stencilBits=0, stereo=False, title='PsychoPy', units='height', useFBO=True, useRetina=False, viewOri=0.0, viewPos=None, viewScale=None, waitBlanking=True, winType='pyglet')
3.2235 	EXP 	window1: backgroundImage = ''
3.2235 	EXP 	window1: backgroundFit = 'none'
3.2365 	DEBUG 	TextBox2 loaded 1 chars with 0 blanks and 1 valid
3.2454 	DEBUG 	TextBox2 loaded 1 chars with 0 blanks and 1 valid
3.2541 	DEBUG 	TextBox2 loaded 1 chars with 0 blanks and 1 valid
3.2630 	DEBUG 	TextBox2 loaded 1 chars with 0 blanks and 1 valid
3.2717 	DEBUG 	TextBox2 loaded 1 chars with 0 blanks and 1 valid
3.2803 	DEBUG 	TextBox2 loaded 1 chars with 0 blanks and 1 valid
3.2889 	DEBUG 	TextBox2 loaded 1 chars with 0 blanks and 1 valid
3.2978 	DEBUG 	TextBox2 loaded 1 chars with 0 blanks and 1 valid
3.3061 	DEBUG 	TextBox2 loaded 1 chars with 0 blanks and 1 valid
3.3147 	DEBUG 	TextBox2 loaded 1 chars with 0 blanks and 1 valid
3.3233 	DEBUG 	TextBox2 loaded 1 chars with 0 blanks and 1 valid
3.3321 	DEBUG 	TextBox2 loaded 1 chars with 0 blanks and 1 valid
3.3408 	DEBUG 	TextBox2 loaded 1 chars with 0 blanks and 1 valid
3.3495 	DEBUG 	TextBox2 loaded 1 chars with 0 blanks and 1 valid
3.3581 	DEBUG 	TextBox2 loaded 1 chars with 0 blanks and 1 valid
3.3668 	DEBUG 	TextBox2 loaded 1 chars with 0 blanks and 1 valid
3.3756 	DEBUG 	TextBox2 loaded 1 chars with 0 blanks and 1 valid
3.3840 	DEBUG 	TextBox2 loaded 1 chars with 0 blanks and 1 valid
3.3925 	DEBUG 	TextBox2 loaded 1 chars with 0 blanks and 1 valid
3.4013 	DEBUG 	TextBox2 loaded 1 chars with 0 blanks and 1 valid
3.4099 	DEBUG 	TextBox2 loaded 1 chars with 0 blanks and 1 valid
3.4102 	DEBUG 	Uploading Texture Font fontname to graphics card
3.4119 	DEBUG 	Upload of Texture Font fontname complete
3.4243 	DEBUG 	TextBox2 loaded 1 chars with 0 blanks and 1 valid
3.4331 	DEBUG 	TextBox2 loaded 1 chars with 0 blanks and 1 valid
3.4418 	DEBUG 	TextBox2 loaded 1 chars with 0 blanks and 1 valid
3.4420 	DEBUG 	Uploading Texture Font fontname to graphics card
3.4427 	DEBUG 	Upload of Texture Font fontname complete
3.4440 	EXP 	window1: Attempting to measure frame rate of screen (0) ...
3.4440 	EXP 	window1: recordFrameIntervals = False
3.6100 	EXP 	window1: recordFrameIntervals = True
3.7938 	EXP 	Screen (0) actual frame rate measured at 59.39Hz
3.7938 	EXP 	window1: recordFrameIntervals = False
3.8066 	DEBUG 	TextBox2 loaded 1 chars with 0 blanks and 1 valid
3.8154 	DEBUG 	TextBox2 loaded 1 chars with 0 blanks and 1 valid
3.8240 	DEBUG 	TextBox2 loaded 1 chars with 0 blanks and 1 valid
3.8328 	DEBUG 	TextBox2 loaded 1 chars with 0 blanks and 1 valid
3.8416 	DEBUG 	TextBox2 loaded 1 chars with 0 blanks and 1 valid
3.8504 	DEBUG 	TextBox2 loaded 1 chars with 0 blanks and 1 valid
3.8587 	DEBUG 	TextBox2 loaded 1 chars with 0 blanks and 1 valid
3.8673 	DEBUG 	TextBox2 loaded 1 chars with 0 blanks and 1 valid
3.8760 	DEBUG 	TextBox2 loaded 1 chars with 0 blanks and 1 valid
3.8847 	DEBUG 	TextBox2 loaded 1 chars with 0 blanks and 1 valid
3.8849 	DEBUG 	Uploading Texture Font fontname to graphics card
3.8854 	DEBUG 	Upload of Texture Font fontname complete
4.0452 	INFO 	keyboard.Keyboard is using ptb backend.
4.0464 	WARNING 	Both 'index' and 'name' were provided to SpeakerDevice; ignoring 'index'
4.1950 	DEBUG 	Found speaker device: Realtek HD Audio 2nd output (Realtek(R) Audio) (4.0)
4.2324 	INFO 	New audio device 4 with handle 0 opened as PortAudio stream:
4.2324 	INFO 	For 2 channels Playback: Audio subsystem is Windows WASAPI, Audio device name is Realtek HD Audio 2nd output (Realtek(R) Audio)
4.2324 	INFO 	Real samplerate 48000.000000 Hz. Input latency 0.000000 msecs, Output latency 22.000000 msecs.
4.2324 	INFO 	Created stream for speaker device: Realtek HD Audio 2nd output (Realtek(R) Audio) (4.0)
4.2332 	EXP 	dichotic_listening: status = STARTED
4.2773 	EXP 	Created text_instructions = TextStim(__class__=<class 'psychopy.visual.text.TextStim'>, alignHoriz=method-wrapper(...), alignText='center', alignVert=method-wrapper(...), anchorHoriz='center', anchorVert='center', antialias=True, autoDraw=False, autoLog=True, bold=False, color=array([1., 1., 1.]), colorSpace='rgb', contrast=1.0, depth=-1.0, draggable=False, flipHoriz=False, flipVert=False, font='Arial', fontFiles=[], height=np.float64(0.05), italic=False, languageStyle='LTR', name='text_instructions', opacity=1, ori=0.0, pos=array([0., 0.]), rgb=UNKNOWN, text=str(...), units='height', win=Window(...), wrapWidth=1)
4.2778 	EXP 	Created text = TextStim(__class__=<class 'psychopy.visual.text.TextStim'>, alignHoriz=method-wrapper(...), alignText='center', alignVert=method-wrapper(...), anchorHoriz='center', anchorVert='center', antialias=True, autoDraw=False, autoLog=True, bold=False, color=array([1., 1., 1.]), colorSpace='rgb', contrast=1.0, depth=-1.0, draggable=False, flipHoriz=False, flipVert=False, font='Arial', fontFiles=[], height=0.05, italic=False, languageStyle='LTR', name='text', opacity=1, ori=0.0, pos=array([0., 0.]), rgb=UNKNOWN, text='', units='height', win=Window(...), wrapWidth=1)
4.2875 	INFO 	Loaded psychtoolbox audio version 3.0.19.696976569
4.2876 	EXP 	bip: sampleRate = 48000
4.2876 	EXP 	bip: channels = None
4.2928 	DEBUG 	Converted audio clip from mono to stereo
4.2954 	EXP 	Sound bip set volume 1.000
4.3034 	WARNING 	No default speaker specified in Preferences / Hardware, using first speaker found: HP X27 (NVIDIA High Definition Audio)
4.3034 	DEBUG 	Found speaker device: HP X27 (NVIDIA High Definition Audio) (3.0)
4.4610 	INFO 	Created stream for speaker device: HP X27 (NVIDIA High Definition Audio) (3.0)
4.4618 	EXP 	audiobook: sampleRate = 48000
4.4618 	EXP 	audiobook: channels = None
4.4667 	DEBUG 	Converted audio clip from mono to stereo
4.4691 	EXP 	Sound audiobook set volume 1.000
4.4715 	EXP 	Created fixation_listening = ShapeStim(__class__=<class 'psychopy.visual.shape.ShapeStim'>, anchor=('center', 'center'), autoDraw=False, autoLog=True, closeShape=True, color=method-wrapper(...), colorSpace='rgb', contrast=None, depth=-2.0, draggable=False, fillColor=array([1, 1, 1]), fillColorSpace='rgb', fillRGB=array([1, 1, 1]), interpolate=True, lineColor=array([1., 1., 1.]), lineColorSpace='rgb', lineRGB=array([1, 1, 1]), lineWidth=1.0, name='fixation_listening', opacity=1, ori=0.0, pos=array([0., 0.]), size=array([0.1, 0.1]), units='height', vertices=ndarray(...), win=Window(...), windingRule=None)
4.4800 	EXP 	bip: sampleRate = 48000
4.4800 	EXP 	bip: channels = None
4.4849 	DEBUG 	Converted audio clip from mono to stereo
4.4878 	EXP 	Sound bip set volume 1.000
4.4885 	EXP 	Created questionary_text = TextStim(__class__=<class 'psychopy.visual.text.TextStim'>, alignHoriz=method-wrapper(...), alignText='center', alignVert=method-wrapper(...), anchorHoriz='center', anchorVert='center', antialias=True, autoDraw=False, autoLog=True, bold=False, color=array([1., 1., 1.]), colorSpace='rgb', contrast=1.0, depth=-2.0, draggable=False, flipHoriz=False, flipVert=False, font='Arial', fontFiles=[], height=0.05, italic=False, languageStyle='LTR', name='questionary_text', opacity=1, ori=0.0, pos=array([0., 0.]), rgb=UNKNOWN, text='', units='height', win=Window(...), wrapWidth=1)
0.0698 	INFO 	Keyboard events cleared
2.0048 	EXP 	text_instructions: autoDraw = True
3.3573 	DATA 	Mouse: Left button down, pos=(686,364)
3.4570 	DATA 	Mouse:  Left button up, pos=(686,364)
4.2932 	EXP 	Device response: <KeyPress from None: t=4.274842399987392, value=space, duration=None>
4.2987 	DEBUG 	Read excel file with openpyxl: conditions.xlsx
4.2993 	EXP 	Imported conditions.xlsx as conditions, 8 conditions, 6 params
4.2997 	EXP 	New trial (rep=0, index=0): <Trial 0 (0 in rep 0) data={'story_a_side': 'right', 'story_b_side': 'left', 'story_a_voice': 'F', 'story_b_voice': 'M', 'condition_label': 'FL_MR_BA', 'target': 'Left', 'thisN': 0, 'thisTrialN': 0, 'thisRepN': 0}>
4.3049 	DATA 	Keypress: space
4.3202 	INFO 	Keyboard events cleared
4.3202 	EXP 	text_instructions: autoDraw = False
4.3202 	EXP 	text: height = np.float64(0.05)
4.3202 	EXP 	text: height = np.float64(0.05)
4.3202 	EXP 	text: height = np.float64(0.05)
4.3202 	EXP 	text: text = 'Presta atención a la historia del lado izquierdo.\n\n\nPresioná la barra espaciadora para continuar...'
4.3202 	EXP 	text: autoDraw = True
4.3733 	EXP 	Device response: <KeyPress from None: t=4.274842399987392, value=space, duration=0.08799519995227456>
5.7075 	DATA 	Keypress: space
5.7231 	EXP 	Device response: <KeyPress from None: t=5.706893199938349, value=space, duration=None>
5.7233 	EXP 	New trial (rep=0, index=0): <Trial 0 (0 in rep 0) data={'thisN': 0, 'thisTrialN': 0, 'thisRepN': 0}>
5.7237 	EXP 	bip: sampleRate = 48000
5.7241 	DEBUG 	Converted audio clip from mono to stereo
5.7246 	EXP 	Sound bip reached end of file
5.7380 	EXP 	Playing sound bip on speaker Realtek HD Audio 2nd output (Realtek(R) Audio)
5.7380 	EXP 	text: autoDraw = False
5.8751 	EXP 	Device response: <KeyPress from None: t=5.706893199938349, value=space, duration=0.16011399996932596>
6.7358 	EXP 	Sound bip reached end of file
6.7584 	EXP 	Sound bip reached end of file
6.7586 	EXP 	New trial (rep=1, index=0): <Trial 1 (0 in rep 1) data={'thisN': 1, 'thisTrialN': 0, 'thisRepN': 1}>
6.7590 	EXP 	bip: sampleRate = 48000
6.7593 	DEBUG 	Converted audio clip from mono to stereo
6.7597 	EXP 	Sound bip reached end of file
6.7717 	EXP 	Playing sound bip on speaker Realtek HD Audio 2nd output (Realtek(R) Audio)
7.7801 	EXP 	Sound bip reached end of file
7.7893 	EXP 	Sound bip reached end of file
7.7894 	EXP 	New trial (rep=2, index=0): <Trial 2 (0 in rep 2) data={'thisN': 2, 'thisTrialN': 0, 'thisRepN': 2}>
7.7897 	EXP 	bip: sampleRate = 48000
7.7898 	DEBUG 	Converted audio clip from mono to stereo
7.7900 	EXP 	Sound bip reached end of file
7.8046 	EXP 	Playing sound bip on speaker Realtek HD Audio 2nd output (Realtek(R) Audio)
8.8055 	EXP 	Sound bip reached end of file
8.8233 	EXP 	Sound bip reached end of file
8.8615 	DEBUG 	Saving data for dichotic_listening ExperimentHandler
8.8625 	INFO 	saved data to C:\Users\User\repos\Dichotic\psychopy_experiment\data\pilot_dichotic_listening_2025-12-19_18h27.06.841.psydat
8.8639 	INFO 	saved data to 'C:\\Users\\User\\repos\\Dichotic\\psychopy_experiment\\data\\pilot_dichotic_listening_2025-12-19_18h27.06.841.csv'
8.8710 	WARNING 	Stopping key buffers but this could be dangerous ifother keyboards rely on the same.
