2.7923 	DEBUG 	Fullscreen settings ignored as running in pilot mode.
2.7929 	INFO 	Loaded monitor calibration from ['2025_07_28 13:00']
3.0202 	INFO 	Using renderer 'NVIDIA GeForce RTX 3060 Ti/PCIe/SSE2' for graphics
3.0202 	INFO 	OpenGL version supported by driver is 4..
3.0299 	EXP 	Created window1 = Window(allowGUI=False, allowStencil=False, autoLog=True, backendConf=UNKNOWN, backgroundFit=<method-wrapper '__getattribute__' of attributeSetter object at 0x000001AC98C114B0>, backgroundImage=<method-wrapper '__getattribute__' of attributeSetter object at 0x000001AC98C11450>, bitsMode=UNKNOWN, blendMode='avg', bpc=(8, 8, 8), color=array([0, 0, 0]), colorSpace='rgb', depthBits=8, fullscr=False, gamma=None, gammaErrorPolicy='raise', infoMsg=UNKNOWN, lms=UNKNOWN, monitor=<psychopy.monitors.calibTools.Monitor object at 0x000001AC98CEF4F0>, multiSample=False, name='window1', numSamples=2, pos=[np.float64(560.0), np.float64(240.0)], screen=0, size=array([800, 600]), stencilBits=0, stereo=False, title='PsychoPy', units='height', useFBO=True, useRetina=False, viewOri=0.0, viewPos=None, viewScale=None, waitBlanking=True, winType='pyglet')
3.0299 	EXP 	window1: backgroundImage = ''
3.0299 	EXP 	window1: backgroundFit = 'none'
3.0431 	DEBUG 	TextBox2 loaded 1 chars with 0 blanks and 1 valid
3.0517 	DEBUG 	TextBox2 loaded 1 chars with 0 blanks and 1 valid
3.0602 	DEBUG 	TextBox2 loaded 1 chars with 0 blanks and 1 valid
3.0689 	DEBUG 	TextBox2 loaded 1 chars with 0 blanks and 1 valid
3.0777 	DEBUG 	TextBox2 loaded 1 chars with 0 blanks and 1 valid
3.0861 	DEBUG 	TextBox2 loaded 1 chars with 0 blanks and 1 valid
3.0947 	DEBUG 	TextBox2 loaded 1 chars with 0 blanks and 1 valid
3.1034 	DEBUG 	TextBox2 loaded 1 chars with 0 blanks and 1 valid
3.1118 	DEBUG 	TextBox2 loaded 1 chars with 0 blanks and 1 valid
3.1201 	DEBUG 	TextBox2 loaded 1 chars with 0 blanks and 1 valid
3.1288 	DEBUG 	TextBox2 loaded 1 chars with 0 blanks and 1 valid
3.1374 	DEBUG 	TextBox2 loaded 1 chars with 0 blanks and 1 valid
3.1458 	DEBUG 	TextBox2 loaded 1 chars with 0 blanks and 1 valid
3.1544 	DEBUG 	TextBox2 loaded 1 chars with 0 blanks and 1 valid
3.1629 	DEBUG 	TextBox2 loaded 1 chars with 0 blanks and 1 valid
3.1714 	DEBUG 	TextBox2 loaded 1 chars with 0 blanks and 1 valid
3.1799 	DEBUG 	TextBox2 loaded 1 chars with 0 blanks and 1 valid
3.1883 	DEBUG 	TextBox2 loaded 1 chars with 0 blanks and 1 valid
3.1966 	DEBUG 	TextBox2 loaded 1 chars with 0 blanks and 1 valid
3.2053 	DEBUG 	TextBox2 loaded 1 chars with 0 blanks and 1 valid
3.2137 	DEBUG 	TextBox2 loaded 1 chars with 0 blanks and 1 valid
3.2140 	DEBUG 	Uploading Texture Font fontname to graphics card
3.2157 	DEBUG 	Upload of Texture Font fontname complete
3.2279 	DEBUG 	TextBox2 loaded 1 chars with 0 blanks and 1 valid
3.2373 	DEBUG 	TextBox2 loaded 1 chars with 0 blanks and 1 valid
3.2463 	DEBUG 	TextBox2 loaded 1 chars with 0 blanks and 1 valid
3.2465 	DEBUG 	Uploading Texture Font fontname to graphics card
3.2473 	DEBUG 	Upload of Texture Font fontname complete
3.2488 	EXP 	window1: Attempting to measure frame rate of screen (0) ...
3.2488 	EXP 	window1: recordFrameIntervals = False
3.4093 	EXP 	window1: recordFrameIntervals = True
3.5935 	EXP 	Screen (0) actual frame rate measured at 59.72Hz
3.5936 	EXP 	window1: recordFrameIntervals = False
3.6062 	DEBUG 	TextBox2 loaded 1 chars with 0 blanks and 1 valid
3.6148 	DEBUG 	TextBox2 loaded 1 chars with 0 blanks and 1 valid
3.6236 	DEBUG 	TextBox2 loaded 1 chars with 0 blanks and 1 valid
3.6327 	DEBUG 	TextBox2 loaded 1 chars with 0 blanks and 1 valid
3.6417 	DEBUG 	TextBox2 loaded 1 chars with 0 blanks and 1 valid
3.6504 	DEBUG 	TextBox2 loaded 1 chars with 0 blanks and 1 valid
3.6590 	DEBUG 	TextBox2 loaded 1 chars with 0 blanks and 1 valid
3.6676 	DEBUG 	TextBox2 loaded 1 chars with 0 blanks and 1 valid
3.6765 	DEBUG 	TextBox2 loaded 1 chars with 0 blanks and 1 valid
3.6853 	DEBUG 	TextBox2 loaded 1 chars with 0 blanks and 1 valid
3.6855 	DEBUG 	Uploading Texture Font fontname to graphics card
3.6859 	DEBUG 	Upload of Texture Font fontname complete
3.8381 	INFO 	keyboard.Keyboard is using ptb backend.
3.8382 	EXP 	dichotic_listening: status = STARTED
3.8488 	EXP 	Created text = TextStim(__class__=<class 'psychopy.visual.text.TextStim'>, alignHoriz=method-wrapper(...), alignText='center', alignVert=method-wrapper(...), anchorHoriz='center', anchorVert='center', antialias=True, autoDraw=False, autoLog=True, bold=False, color=array([1., 1., 1.]), colorSpace='rgb', contrast=1.0, depth=-1.0, draggable=False, flipHoriz=False, flipVert=False, font='Arial', fontFiles=[], height=0.05, italic=False, languageStyle='LTR', name='text', opacity=1, ori=0.0, pos=array([0., 0.]), rgb=UNKNOWN, text='', units='height', win=Window(...), wrapWidth=1)
3.9832 	INFO 	Loaded psychtoolbox audio version 3.0.19.696976569
4.0055 	WARNING 	No default speaker specified in Preferences / Hardware, using first speaker found: HP X27 (NVIDIA High Definition Audio)
4.0055 	DEBUG 	Found speaker device: HP X27 (NVIDIA High Definition Audio) (3.0)
4.0164 	INFO 	Created stream for speaker device: HP X27 (NVIDIA High Definition Audio) (3.0)
4.0172 	EXP 	bip: sampleRate = 48000
4.0173 	EXP 	bip: channels = None
4.0223 	DEBUG 	Converted audio clip from mono to stereo
4.0250 	EXP 	Sound bip set volume 1.000
4.0276 	EXP 	Created fixation_bip = ShapeStim(__class__=<class 'psychopy.visual.shape.ShapeStim'>, anchor=('center', 'center'), autoDraw=False, autoLog=True, closeShape=True, color=method-wrapper(...), colorSpace='rgb', contrast=None, depth=-1.0, draggable=False, fillColor=array([1, 1, 1]), fillColorSpace='rgb', fillRGB=array([1, 1, 1]), interpolate=True, lineColor=array([1., 1., 1.]), lineColorSpace='rgb', lineRGB=array([1, 1, 1]), lineWidth=1.0, name='fixation_bip', opacity=1, ori=0.0, pos=array([0., 0.]), size=array([0.1, 0.1]), units='height', vertices=ndarray(...), win=Window(...), windingRule=None)
4.0387 	WARNING 	No default speaker specified in Preferences / Hardware, using first speaker found: HP X27 (NVIDIA High Definition Audio)
4.0387 	DEBUG 	Found speaker device: HP X27 (NVIDIA High Definition Audio) (3.0)
4.0417 	INFO 	Created stream for speaker device: HP X27 (NVIDIA High Definition Audio) (3.0)
4.0425 	EXP 	audiobook: sampleRate = 48000
4.0425 	EXP 	audiobook: channels = None
4.0474 	DEBUG 	Converted audio clip from mono to stereo
4.0498 	EXP 	Sound audiobook set volume 1.000
4.0512 	EXP 	Created fixation_listening = ShapeStim(__class__=<class 'psychopy.visual.shape.ShapeStim'>, anchor=('center', 'center'), autoDraw=False, autoLog=True, closeShape=True, color=method-wrapper(...), colorSpace='rgb', contrast=None, depth=-2.0, draggable=False, fillColor=array([1, 1, 1]), fillColorSpace='rgb', fillRGB=array([1, 1, 1]), interpolate=True, lineColor=array([1., 1., 1.]), lineColorSpace='rgb', lineRGB=array([1, 1, 1]), lineWidth=1.0, name='fixation_listening', opacity=1, ori=0.0, pos=array([0., 0.]), size=array([0.1, 0.1]), units='height', vertices=ndarray(...), win=Window(...), windingRule=None)
4.0617 	WARNING 	No default speaker specified in Preferences / Hardware, using first speaker found: HP X27 (NVIDIA High Definition Audio)
4.0617 	DEBUG 	Found speaker device: HP X27 (NVIDIA High Definition Audio) (3.0)
4.0645 	INFO 	Created stream for speaker device: HP X27 (NVIDIA High Definition Audio) (3.0)
4.0652 	EXP 	bip: sampleRate = 48000
4.0653 	EXP 	bip: channels = None
4.0701 	DEBUG 	Converted audio clip from mono to stereo
4.0725 	EXP 	Sound bip set volume 1.000
4.0740 	EXP 	Created fixation_bip = ShapeStim(__class__=<class 'psychopy.visual.shape.ShapeStim'>, anchor=('center', 'center'), autoDraw=False, autoLog=True, closeShape=True, color=method-wrapper(...), colorSpace='rgb', contrast=None, depth=-1.0, draggable=False, fillColor=array([1, 1, 1]), fillColorSpace='rgb', fillRGB=array([1, 1, 1]), interpolate=True, lineColor=array([1., 1., 1.]), lineColorSpace='rgb', lineRGB=array([1, 1, 1]), lineWidth=1.0, name='fixation_bip', opacity=1, ori=0.0, pos=array([0., 0.]), size=array([0.1, 0.1]), units='height', vertices=ndarray(...), win=Window(...), windingRule=None)
4.0746 	EXP 	Created questionary_text = TextStim(__class__=<class 'psychopy.visual.text.TextStim'>, alignHoriz=method-wrapper(...), alignText='center', alignVert=method-wrapper(...), anchorHoriz='center', anchorVert='center', antialias=True, autoDraw=False, autoLog=True, bold=False, color=array([1., 1., 1.]), colorSpace='rgb', contrast=1.0, depth=-2.0, draggable=False, flipHoriz=False, flipVert=False, font='Arial', fontFiles=[], height=0.05, italic=False, languageStyle='LTR', name='questionary_text', opacity=1, ori=0.0, pos=array([0., 0.]), rgb=UNKNOWN, text='', units='height', win=Window(...), wrapWidth=1)
0.0843 	INFO 	Keyboard events cleared
0.8904 	EXP 	Device response: <KeyPress from None: t=0.8743680999614298, value=space, duration=None>
0.8955 	DEBUG 	Read excel file with openpyxl: conditions.xlsx
0.8960 	EXP 	Imported conditions.xlsx as conditions, 8 conditions, 6 params
0.8965 	EXP 	New trial (rep=0, index=0): <Trial 0 (0 in rep 0) data={'story_a_side': 'left', 'story_b_side': 'right', 'story_a_voice': 'M', 'story_b_voice': 'F', 'condition_label': 'FR_ML_AB', 'target': 'Left', 'thisN': 0, 'thisTrialN': 0, 'thisRepN': 0}>
0.9219 	DATA 	Keypress: space
0.9342 	INFO 	Keyboard events cleared
0.9341 	EXP 	text: height = np.float64(0.05)
0.9341 	EXP 	text: height = np.float64(0.05)
0.9341 	EXP 	text: height = np.float64(0.05)
0.9341 	EXP 	text: text = 'Presta atención a la historia del lado izquierdo.\nPresioná la barra espaciadora para continuar...'
0.9341 	EXP 	text: autoDraw = True
0.9706 	EXP 	Device response: <KeyPress from None: t=0.8743680999614298, value=space, duration=0.0879735000198707>
1.9357 	EXP 	text: autoDraw = False
6.9550 	EXP 	Device response: <KeyPress from None: t=6.9543716999469325, value=escape, duration=None>
6.9555 	DATA 	Keypress: escape
7.1038 	EXP 	Device response: <KeyPress from None: t=6.9543716999469325, value=escape, duration=0.14389030006714165>
7.1038 	EXP 	dichotic_listening: status = STOPPED
7.1203 	EXP 	dichotic_listening: status = STOPPED
7.1230 	INFO 	saved data to 'C:\\Users\\User\\repos\\Dichotic\\psychopy_experiment\\data\\pilot_dichotic_listening_2025-12-19_17h43.11.029.csv'
7.1236 	INFO 	saved data to C:\Users\User\repos\Dichotic\psychopy_experiment\data\pilot_dichotic_listening_2025-12-19_17h43.11.029.psydat
7.2515 	DEBUG 	Saving data for dichotic_listening ExperimentHandler
7.2529 	WARNING 	Stopping key buffers but this could be dangerous ifother keyboards rely on the same.
