4.0434 	DEBUG 	Fullscreen settings ignored as running in pilot mode.
4.0439 	INFO 	Loaded monitor calibration from ['2025_07_28 13:00']
4.2435 	INFO 	Using renderer 'NVIDIA GeForce RTX 3060 Ti/PCIe/SSE2' for graphics
4.2435 	INFO 	OpenGL version supported by driver is 4..
4.2528 	EXP 	Created window1 = Window(allowGUI=False, allowStencil=False, autoLog=True, backendConf=UNKNOWN, backgroundFit=<method-wrapper '__getattribute__' of attributeSetter object at 0x000001C6DDC52200>, backgroundImage=<method-wrapper '__getattribute__' of attributeSetter object at 0x000001C6DDC521A0>, bitsMode=UNKNOWN, blendMode='avg', bpc=(8, 8, 8), color=array([0, 0, 0]), colorSpace='rgb', depthBits=8, fullscr=False, gamma=None, gammaErrorPolicy='raise', infoMsg=UNKNOWN, lms=UNKNOWN, monitor=<psychopy.monitors.calibTools.Monitor object at 0x000001C6DDD30280>, multiSample=False, name='window1', numSamples=2, pos=[np.float64(560.0), np.float64(240.0)], screen=0, size=array([800, 600]), stencilBits=0, stereo=False, title='PsychoPy', units='height', useFBO=True, useRetina=False, viewOri=0.0, viewPos=None, viewScale=None, waitBlanking=True, winType='pyglet')
4.2528 	EXP 	window1: backgroundImage = ''
4.2528 	EXP 	window1: backgroundFit = 'none'
4.2659 	DEBUG 	TextBox2 loaded 1 chars with 0 blanks and 1 valid
4.2746 	DEBUG 	TextBox2 loaded 1 chars with 0 blanks and 1 valid
4.2832 	DEBUG 	TextBox2 loaded 1 chars with 0 blanks and 1 valid
4.2920 	DEBUG 	TextBox2 loaded 1 chars with 0 blanks and 1 valid
4.3008 	DEBUG 	TextBox2 loaded 1 chars with 0 blanks and 1 valid
4.3091 	DEBUG 	TextBox2 loaded 1 chars with 0 blanks and 1 valid
4.3178 	DEBUG 	TextBox2 loaded 1 chars with 0 blanks and 1 valid
4.3264 	DEBUG 	TextBox2 loaded 1 chars with 0 blanks and 1 valid
4.3348 	DEBUG 	TextBox2 loaded 1 chars with 0 blanks and 1 valid
4.3430 	DEBUG 	TextBox2 loaded 1 chars with 0 blanks and 1 valid
4.3518 	DEBUG 	TextBox2 loaded 1 chars with 0 blanks and 1 valid
4.3604 	DEBUG 	TextBox2 loaded 1 chars with 0 blanks and 1 valid
4.3691 	DEBUG 	TextBox2 loaded 1 chars with 0 blanks and 1 valid
4.3777 	DEBUG 	TextBox2 loaded 1 chars with 0 blanks and 1 valid
4.3865 	DEBUG 	TextBox2 loaded 1 chars with 0 blanks and 1 valid
4.3953 	DEBUG 	TextBox2 loaded 1 chars with 0 blanks and 1 valid
4.4040 	DEBUG 	TextBox2 loaded 1 chars with 0 blanks and 1 valid
4.4123 	DEBUG 	TextBox2 loaded 1 chars with 0 blanks and 1 valid
4.4207 	DEBUG 	TextBox2 loaded 1 chars with 0 blanks and 1 valid
4.4297 	DEBUG 	TextBox2 loaded 1 chars with 0 blanks and 1 valid
4.4384 	DEBUG 	TextBox2 loaded 1 chars with 0 blanks and 1 valid
4.4387 	DEBUG 	Uploading Texture Font fontname to graphics card
4.4400 	DEBUG 	Upload of Texture Font fontname complete
4.4523 	DEBUG 	TextBox2 loaded 1 chars with 0 blanks and 1 valid
4.4611 	DEBUG 	TextBox2 loaded 1 chars with 0 blanks and 1 valid
4.4699 	DEBUG 	TextBox2 loaded 1 chars with 0 blanks and 1 valid
4.4701 	DEBUG 	Uploading Texture Font fontname to graphics card
4.4707 	DEBUG 	Upload of Texture Font fontname complete
4.4722 	EXP 	window1: Attempting to measure frame rate of screen (0) ...
4.4723 	EXP 	window1: recordFrameIntervals = False
4.6343 	EXP 	window1: recordFrameIntervals = True
4.9511 	EXP 	Screen (0) actual frame rate measured at 60.77Hz
4.9511 	EXP 	window1: recordFrameIntervals = False
4.9677 	DEBUG 	TextBox2 loaded 1 chars with 0 blanks and 1 valid
4.9763 	DEBUG 	TextBox2 loaded 1 chars with 0 blanks and 1 valid
4.9851 	DEBUG 	TextBox2 loaded 1 chars with 0 blanks and 1 valid
4.9940 	DEBUG 	TextBox2 loaded 1 chars with 0 blanks and 1 valid
5.0029 	DEBUG 	TextBox2 loaded 1 chars with 0 blanks and 1 valid
5.0118 	DEBUG 	TextBox2 loaded 1 chars with 0 blanks and 1 valid
5.0206 	DEBUG 	TextBox2 loaded 1 chars with 0 blanks and 1 valid
5.0292 	DEBUG 	TextBox2 loaded 1 chars with 0 blanks and 1 valid
5.0382 	DEBUG 	TextBox2 loaded 1 chars with 0 blanks and 1 valid
5.0468 	DEBUG 	TextBox2 loaded 1 chars with 0 blanks and 1 valid
5.0471 	DEBUG 	Uploading Texture Font fontname to graphics card
5.0477 	DEBUG 	Upload of Texture Font fontname complete
5.2124 	INFO 	keyboard.Keyboard is using ptb backend.
5.2136 	WARNING 	Both 'index' and 'name' were provided to SpeakerDevice; ignoring 'index'
5.3677 	DEBUG 	Found speaker device: Realtek HD Audio 2nd output (Realtek(R) Audio) (4.0)
5.3820 	INFO 	New audio device 4 with handle 0 opened as PortAudio stream:
5.3820 	INFO 	For 2 channels Playback: Audio subsystem is Windows WASAPI, Audio device name is Realtek HD Audio 2nd output (Realtek(R) Audio)
5.3821 	INFO 	Real samplerate 48000.000000 Hz. Input latency 0.000000 msecs, Output latency 22.000000 msecs.
5.3821 	INFO 	Created stream for speaker device: Realtek HD Audio 2nd output (Realtek(R) Audio) (4.0)
5.3830 	EXP 	dichotic_listening: status = STARTED
5.4269 	EXP 	Created text_instructions = TextStim(__class__=<class 'psychopy.visual.text.TextStim'>, alignHoriz=method-wrapper(...), alignText='center', alignVert=method-wrapper(...), anchorHoriz='center', anchorVert='center', antialias=True, autoDraw=False, autoLog=True, bold=False, color=array([1., 1., 1.]), colorSpace='rgb', contrast=1.0, depth=-1.0, draggable=False, flipHoriz=False, flipVert=False, font='Arial', fontFiles=[], height=np.float64(0.05), italic=False, languageStyle='LTR', name='text_instructions', opacity=1, ori=0.0, pos=array([0., 0.]), rgb=UNKNOWN, text=str(...), units='height', win=Window(...), wrapWidth=1)
5.4274 	EXP 	Created text = TextStim(__class__=<class 'psychopy.visual.text.TextStim'>, alignHoriz=method-wrapper(...), alignText='center', alignVert=method-wrapper(...), anchorHoriz='center', anchorVert='center', antialias=True, autoDraw=False, autoLog=True, bold=False, color=array([1., 1., 1.]), colorSpace='rgb', contrast=1.0, depth=-1.0, draggable=False, flipHoriz=False, flipVert=False, font='Arial', fontFiles=[], height=0.05, italic=False, languageStyle='LTR', name='text', opacity=1, ori=0.0, pos=array([0., 0.]), rgb=UNKNOWN, text='', units='height', win=Window(...), wrapWidth=1)
5.4369 	INFO 	Loaded psychtoolbox audio version 3.0.19.696976569
5.4370 	EXP 	bip: sampleRate = 48000
5.4370 	EXP 	bip: channels = None
5.4420 	DEBUG 	Converted audio clip from mono to stereo
5.4445 	EXP 	Sound bip set volume 1.000
5.4469 	EXP 	Created fixation_bip = ShapeStim(__class__=<class 'psychopy.visual.shape.ShapeStim'>, anchor=('center', 'center'), autoDraw=False, autoLog=True, closeShape=True, color=method-wrapper(...), colorSpace='rgb', contrast=None, depth=-1.0, draggable=False, fillColor=array([1, 1, 1]), fillColorSpace='rgb', fillRGB=array([1, 1, 1]), interpolate=True, lineColor=array([1., 1., 1.]), lineColorSpace='rgb', lineRGB=array([1, 1, 1]), lineWidth=1.0, name='fixation_bip', opacity=1, ori=0.0, pos=array([0., 0.]), size=array([0.1, 0.1]), units='height', vertices=ndarray(...), win=Window(...), windingRule=None)
5.4554 	WARNING 	No default speaker specified in Preferences / Hardware, using first speaker found: HP X27 (NVIDIA High Definition Audio)
5.4554 	DEBUG 	Found speaker device: HP X27 (NVIDIA High Definition Audio) (3.0)
5.4664 	INFO 	Created stream for speaker device: HP X27 (NVIDIA High Definition Audio) (3.0)
5.4672 	EXP 	audiobook: sampleRate = 48000
5.4672 	EXP 	audiobook: channels = None
5.4721 	DEBUG 	Converted audio clip from mono to stereo
5.4744 	EXP 	Sound audiobook set volume 1.000
5.4760 	EXP 	Created fixation_listening = ShapeStim(__class__=<class 'psychopy.visual.shape.ShapeStim'>, anchor=('center', 'center'), autoDraw=False, autoLog=True, closeShape=True, color=method-wrapper(...), colorSpace='rgb', contrast=None, depth=-2.0, draggable=False, fillColor=array([1, 1, 1]), fillColorSpace='rgb', fillRGB=array([1, 1, 1]), interpolate=True, lineColor=array([1., 1., 1.]), lineColorSpace='rgb', lineRGB=array([1, 1, 1]), lineWidth=1.0, name='fixation_listening', opacity=1, ori=0.0, pos=array([0., 0.]), size=array([0.1, 0.1]), units='height', vertices=ndarray(...), win=Window(...), windingRule=None)
5.4847 	EXP 	bip: sampleRate = 48000
5.4847 	EXP 	bip: channels = None
5.4895 	DEBUG 	Converted audio clip from mono to stereo
5.4920 	EXP 	Sound bip set volume 1.000
5.4934 	EXP 	Created fixation_bip = ShapeStim(__class__=<class 'psychopy.visual.shape.ShapeStim'>, anchor=('center', 'center'), autoDraw=False, autoLog=True, closeShape=True, color=method-wrapper(...), colorSpace='rgb', contrast=None, depth=-1.0, draggable=False, fillColor=array([1, 1, 1]), fillColorSpace='rgb', fillRGB=array([1, 1, 1]), interpolate=True, lineColor=array([1., 1., 1.]), lineColorSpace='rgb', lineRGB=array([1, 1, 1]), lineWidth=1.0, name='fixation_bip', opacity=1, ori=0.0, pos=array([0., 0.]), size=array([0.1, 0.1]), units='height', vertices=ndarray(...), win=Window(...), windingRule=None)
5.4940 	EXP 	Created questionary_text = TextStim(__class__=<class 'psychopy.visual.text.TextStim'>, alignHoriz=method-wrapper(...), alignText='center', alignVert=method-wrapper(...), anchorHoriz='center', anchorVert='center', antialias=True, autoDraw=False, autoLog=True, bold=False, color=array([1., 1., 1.]), colorSpace='rgb', contrast=1.0, depth=-2.0, draggable=False, flipHoriz=False, flipVert=False, font='Arial', fontFiles=[], height=0.05, italic=False, languageStyle='LTR', name='questionary_text', opacity=1, ori=0.0, pos=array([0., 0.]), rgb=UNKNOWN, text='', units='height', win=Window(...), wrapWidth=1)
0.0725 	INFO 	Keyboard events cleared
2.0072 	EXP 	text_instructions: autoDraw = True
2.8760 	DATA 	Mouse: Left button down, pos=(407,285)
2.9939 	DATA 	Mouse:  Left button up, pos=(407,285)
3.4972 	EXP 	Device response: <KeyPress from None: t=3.481273500015959, value=space, duration=None>
3.5026 	DEBUG 	Read excel file with openpyxl: conditions.xlsx
3.5032 	EXP 	Imported conditions.xlsx as conditions, 8 conditions, 6 params
3.5037 	EXP 	New trial (rep=0, index=0): <Trial 0 (0 in rep 0) data={'story_a_side': 'right', 'story_b_side': 'left', 'story_a_voice': 'F', 'story_b_voice': 'M', 'condition_label': 'FL_MR_BA', 'target': 'Left', 'thisN': 0, 'thisTrialN': 0, 'thisRepN': 0}>
3.5088 	DATA 	Keypress: space
3.5225 	INFO 	Keyboard events cleared
3.5225 	EXP 	text_instructions: autoDraw = False
3.5225 	EXP 	text: height = np.float64(0.05)
3.5225 	EXP 	text: height = np.float64(0.05)
3.5225 	EXP 	text: height = np.float64(0.05)
3.5225 	EXP 	text: text = 'Presta atención a la historia del lado izquierdo.\n\n\nPresioná la barra espaciadora para continuar...'
3.5225 	EXP 	text: autoDraw = True
3.5760 	EXP 	Device response: <KeyPress from None: t=3.481273500015959, value=space, duration=0.08808190003037453>
4.9268 	EXP 	Device response: <KeyPress from None: t=4.921392900054343, value=space, duration=None>
4.9271 	EXP 	New trial (rep=0, index=0): <Trial 0 (0 in rep 0) data={'thisN': 0, 'thisTrialN': 0, 'thisRepN': 0}>
4.9276 	EXP 	bip: sampleRate = 48000
4.9282 	DEBUG 	Converted audio clip from mono to stereo
4.9287 	EXP 	Sound bip reached end of file
4.9406 	EXP 	Playing sound bip on speaker Realtek HD Audio 2nd output (Realtek(R) Audio)
4.9298 	DATA 	Keypress: space
4.9402 	EXP 	text: autoDraw = False
4.9402 	EXP 	fixation_bip: autoDraw = True
5.0585 	EXP 	Device response: <KeyPress from None: t=4.921392900054343, value=space, duration=0.12783839995972812>
5.9413 	EXP 	Sound bip reached end of file
5.9594 	EXP 	Sound bip reached end of file
9.5429 	EXP 	Device response: <KeyPress from None: t=9.537698399974033, value=escape, duration=None>
9.5435 	DATA 	Keypress: escape
9.6259 	EXP 	Device response: <KeyPress from None: t=9.537698399974033, value=escape, duration=0.07960800000000745>
9.6260 	EXP 	dichotic_listening: status = STOPPED
9.6405 	EXP 	fixation_bip: autoDraw = False
9.6427 	EXP 	dichotic_listening: status = STOPPED
9.6455 	INFO 	saved data to 'C:\\Users\\User\\repos\\Dichotic\\psychopy_experiment\\data\\pilot_dichotic_listening_2025-12-19_18h35.31.903.csv'
9.6461 	INFO 	saved data to C:\Users\User\repos\Dichotic\psychopy_experiment\data\pilot_dichotic_listening_2025-12-19_18h35.31.903.psydat
9.7743 	DEBUG 	Saving data for dichotic_listening ExperimentHandler
9.7758 	WARNING 	Stopping key buffers but this could be dangerous ifother keyboards rely on the same.
