3.4418 	DEBUG 	Fullscreen settings ignored as running in pilot mode.
3.4423 	INFO 	Loaded monitor calibration from ['2025_07_28 13:00']
3.6376 	INFO 	Using renderer 'NVIDIA GeForce RTX 3060 Ti/PCIe/SSE2' for graphics
3.6376 	INFO 	OpenGL version supported by driver is 4..
3.6462 	EXP 	Created window1 = Window(allowGUI=False, allowStencil=False, autoLog=True, backendConf=UNKNOWN, backgroundFit=<method-wrapper '__getattribute__' of attributeSetter object at 0x00000239034414B0>, backgroundImage=<method-wrapper '__getattribute__' of attributeSetter object at 0x0000023903441450>, bitsMode=UNKNOWN, blendMode='avg', bpc=(8, 8, 8), color=array([0, 0, 0]), colorSpace='rgb', depthBits=8, fullscr=False, gamma=None, gammaErrorPolicy='raise', infoMsg=UNKNOWN, lms=UNKNOWN, monitor=<psychopy.monitors.calibTools.Monitor object at 0x000002390351B4F0>, multiSample=False, name='window1', numSamples=2, pos=[np.float64(560.0), np.float64(240.0)], screen=0, size=array([800, 600]), stencilBits=0, stereo=False, title='PsychoPy', units='height', useFBO=True, useRetina=False, viewOri=0.0, viewPos=None, viewScale=None, waitBlanking=True, winType='pyglet')
3.6462 	EXP 	window1: backgroundImage = ''
3.6462 	EXP 	window1: backgroundFit = 'none'
3.6593 	DEBUG 	TextBox2 loaded 1 chars with 0 blanks and 1 valid
3.6680 	DEBUG 	TextBox2 loaded 1 chars with 0 blanks and 1 valid
3.6766 	DEBUG 	TextBox2 loaded 1 chars with 0 blanks and 1 valid
3.6853 	DEBUG 	TextBox2 loaded 1 chars with 0 blanks and 1 valid
3.6940 	DEBUG 	TextBox2 loaded 1 chars with 0 blanks and 1 valid
3.7023 	DEBUG 	TextBox2 loaded 1 chars with 0 blanks and 1 valid
3.7110 	DEBUG 	TextBox2 loaded 1 chars with 0 blanks and 1 valid
3.7196 	DEBUG 	TextBox2 loaded 1 chars with 0 blanks and 1 valid
3.7279 	DEBUG 	TextBox2 loaded 1 chars with 0 blanks and 1 valid
3.7362 	DEBUG 	TextBox2 loaded 1 chars with 0 blanks and 1 valid
3.7447 	DEBUG 	TextBox2 loaded 1 chars with 0 blanks and 1 valid
3.7532 	DEBUG 	TextBox2 loaded 1 chars with 0 blanks and 1 valid
3.7616 	DEBUG 	TextBox2 loaded 1 chars with 0 blanks and 1 valid
3.7701 	DEBUG 	TextBox2 loaded 1 chars with 0 blanks and 1 valid
3.7786 	DEBUG 	TextBox2 loaded 1 chars with 0 blanks and 1 valid
3.7871 	DEBUG 	TextBox2 loaded 1 chars with 0 blanks and 1 valid
3.7956 	DEBUG 	TextBox2 loaded 1 chars with 0 blanks and 1 valid
3.8040 	DEBUG 	TextBox2 loaded 1 chars with 0 blanks and 1 valid
3.8123 	DEBUG 	TextBox2 loaded 1 chars with 0 blanks and 1 valid
3.8211 	DEBUG 	TextBox2 loaded 1 chars with 0 blanks and 1 valid
3.8295 	DEBUG 	TextBox2 loaded 1 chars with 0 blanks and 1 valid
3.8298 	DEBUG 	Uploading Texture Font fontname to graphics card
3.8310 	DEBUG 	Upload of Texture Font fontname complete
3.8429 	DEBUG 	TextBox2 loaded 1 chars with 0 blanks and 1 valid
3.8517 	DEBUG 	TextBox2 loaded 1 chars with 0 blanks and 1 valid
3.8604 	DEBUG 	TextBox2 loaded 1 chars with 0 blanks and 1 valid
3.8606 	DEBUG 	Uploading Texture Font fontname to graphics card
3.8612 	DEBUG 	Upload of Texture Font fontname complete
3.8628 	EXP 	window1: Attempting to measure frame rate of screen (0) ...
3.8628 	EXP 	window1: recordFrameIntervals = False
4.0354 	EXP 	window1: recordFrameIntervals = True
4.2193 	EXP 	Screen (0) actual frame rate measured at 59.67Hz
4.2194 	EXP 	window1: recordFrameIntervals = False
4.2334 	DEBUG 	TextBox2 loaded 1 chars with 0 blanks and 1 valid
4.2421 	DEBUG 	TextBox2 loaded 1 chars with 0 blanks and 1 valid
4.2509 	DEBUG 	TextBox2 loaded 1 chars with 0 blanks and 1 valid
4.2596 	DEBUG 	TextBox2 loaded 1 chars with 0 blanks and 1 valid
4.2683 	DEBUG 	TextBox2 loaded 1 chars with 0 blanks and 1 valid
4.2769 	DEBUG 	TextBox2 loaded 1 chars with 0 blanks and 1 valid
4.2853 	DEBUG 	TextBox2 loaded 1 chars with 0 blanks and 1 valid
4.2939 	DEBUG 	TextBox2 loaded 1 chars with 0 blanks and 1 valid
4.3027 	DEBUG 	TextBox2 loaded 1 chars with 0 blanks and 1 valid
4.3115 	DEBUG 	TextBox2 loaded 1 chars with 0 blanks and 1 valid
4.3117 	DEBUG 	Uploading Texture Font fontname to graphics card
4.3121 	DEBUG 	Upload of Texture Font fontname complete
4.4719 	INFO 	keyboard.Keyboard is using ptb backend.
4.4719 	EXP 	dichotic_listening: status = STARTED
4.4821 	EXP 	Created text = TextStim(__class__=<class 'psychopy.visual.text.TextStim'>, alignHoriz=method-wrapper(...), alignText='center', alignVert=method-wrapper(...), anchorHoriz='center', anchorVert='center', antialias=True, autoDraw=False, autoLog=True, bold=False, color=array([1., 1., 1.]), colorSpace='rgb', contrast=1.0, depth=-1.0, draggable=False, flipHoriz=False, flipVert=False, font='Arial', fontFiles=[], height=0.05, italic=False, languageStyle='LTR', name='text', opacity=1, ori=0.0, pos=array([0., 0.]), rgb=UNKNOWN, text='', units='height', win=Window(...), wrapWidth=1)
4.6161 	INFO 	Loaded psychtoolbox audio version 3.0.19.696976569
4.6452 	WARNING 	No default speaker specified in Preferences / Hardware, using first speaker found: HP X27 (NVIDIA High Definition Audio)
4.6452 	DEBUG 	Found speaker device: HP X27 (NVIDIA High Definition Audio) (3.0)
4.6561 	INFO 	Created stream for speaker device: HP X27 (NVIDIA High Definition Audio) (3.0)
4.6568 	EXP 	bip: sampleRate = 48000
4.6569 	EXP 	bip: channels = None
4.6619 	DEBUG 	Converted audio clip from mono to stereo
4.6645 	EXP 	Sound bip set volume 1.000
4.6672 	EXP 	Created fixation_bip = ShapeStim(__class__=<class 'psychopy.visual.shape.ShapeStim'>, anchor=('center', 'center'), autoDraw=False, autoLog=True, closeShape=True, color=method-wrapper(...), colorSpace='rgb', contrast=None, depth=-1.0, draggable=False, fillColor=array([1, 1, 1]), fillColorSpace='rgb', fillRGB=array([1, 1, 1]), interpolate=True, lineColor=array([1., 1., 1.]), lineColorSpace='rgb', lineRGB=array([1, 1, 1]), lineWidth=1.0, name='fixation_bip', opacity=1, ori=0.0, pos=array([0., 0.]), size=array([0.1, 0.1]), units='height', vertices=ndarray(...), win=Window(...), windingRule=None)
4.6783 	WARNING 	No default speaker specified in Preferences / Hardware, using first speaker found: HP X27 (NVIDIA High Definition Audio)
4.6783 	DEBUG 	Found speaker device: HP X27 (NVIDIA High Definition Audio) (3.0)
4.6810 	INFO 	Created stream for speaker device: HP X27 (NVIDIA High Definition Audio) (3.0)
4.6817 	EXP 	audiobook: sampleRate = 48000
4.6817 	EXP 	audiobook: channels = None
4.6867 	DEBUG 	Converted audio clip from mono to stereo
4.6897 	EXP 	Sound audiobook set volume 1.000
4.6912 	EXP 	Created fixation_listening = ShapeStim(__class__=<class 'psychopy.visual.shape.ShapeStim'>, anchor=('center', 'center'), autoDraw=False, autoLog=True, closeShape=True, color=method-wrapper(...), colorSpace='rgb', contrast=None, depth=-2.0, draggable=False, fillColor=array([1, 1, 1]), fillColorSpace='rgb', fillRGB=array([1, 1, 1]), interpolate=True, lineColor=array([1., 1., 1.]), lineColorSpace='rgb', lineRGB=array([1, 1, 1]), lineWidth=1.0, name='fixation_listening', opacity=1, ori=0.0, pos=array([0., 0.]), size=array([0.1, 0.1]), units='height', vertices=ndarray(...), win=Window(...), windingRule=None)
4.7015 	WARNING 	No default speaker specified in Preferences / Hardware, using first speaker found: HP X27 (NVIDIA High Definition Audio)
4.7015 	DEBUG 	Found speaker device: HP X27 (NVIDIA High Definition Audio) (3.0)
4.7042 	INFO 	Created stream for speaker device: HP X27 (NVIDIA High Definition Audio) (3.0)
4.7050 	EXP 	bip: sampleRate = 48000
4.7050 	EXP 	bip: channels = None
4.7100 	DEBUG 	Converted audio clip from mono to stereo
4.7126 	EXP 	Sound bip set volume 1.000
4.7140 	EXP 	Created fixation_bip = ShapeStim(__class__=<class 'psychopy.visual.shape.ShapeStim'>, anchor=('center', 'center'), autoDraw=False, autoLog=True, closeShape=True, color=method-wrapper(...), colorSpace='rgb', contrast=None, depth=-1.0, draggable=False, fillColor=array([1, 1, 1]), fillColorSpace='rgb', fillRGB=array([1, 1, 1]), interpolate=True, lineColor=array([1., 1., 1.]), lineColorSpace='rgb', lineRGB=array([1, 1, 1]), lineWidth=1.0, name='fixation_bip', opacity=1, ori=0.0, pos=array([0., 0.]), size=array([0.1, 0.1]), units='height', vertices=ndarray(...), win=Window(...), windingRule=None)
4.7145 	EXP 	Created questionary_text = TextStim(__class__=<class 'psychopy.visual.text.TextStim'>, alignHoriz=method-wrapper(...), alignText='center', alignVert=method-wrapper(...), anchorHoriz='center', anchorVert='center', antialias=True, autoDraw=False, autoLog=True, bold=False, color=array([1., 1., 1.]), colorSpace='rgb', contrast=1.0, depth=-2.0, draggable=False, flipHoriz=False, flipVert=False, font='Arial', fontFiles=[], height=0.05, italic=False, languageStyle='LTR', name='questionary_text', opacity=1, ori=0.0, pos=array([0., 0.]), rgb=UNKNOWN, text='', units='height', win=Window(...), wrapWidth=1)
0.0857 	INFO 	Keyboard events cleared
8.0582 	EXP 	Device response: <KeyPress from None: t=8.052506600040942, value=space, duration=None>
8.0632 	DEBUG 	Read excel file with openpyxl: conditions.xlsx
8.0638 	EXP 	Imported conditions.xlsx as conditions, 8 conditions, 6 params
8.0643 	EXP 	New trial (rep=0, index=0): <Trial 0 (0 in rep 0) data={'story_a_side': 'left', 'story_b_side': 'right', 'story_a_voice': 'F', 'story_b_voice': 'M', 'condition_label': 'FL_MR_AB', 'target': 'Right', 'thisN': 0, 'thisTrialN': 0, 'thisRepN': 0}>
8.0892 	DATA 	Keypress: space
8.1023 	INFO 	Keyboard events cleared
8.1023 	EXP 	text: height = np.float64(0.05)
8.1023 	EXP 	text: height = np.float64(0.05)
8.1023 	EXP 	text: height = np.float64(0.05)
8.1023 	EXP 	text: text = 'Presta atención a la historia del lado derecho.\n\n\nPresioná la barra espaciadora para continuar...'
8.1023 	EXP 	text: autoDraw = True
8.1554 	EXP 	Device response: <KeyPress from None: t=8.052506600040942, value=space, duration=0.0959541000192985>
18.4890 	EXP 	Device response: <KeyPress from None: t=18.476507600047626, value=space, duration=None>
18.4892 	EXP 	New trial (rep=0, index=0): <Trial 0 (0 in rep 0) data={'thisN': 0, 'thisTrialN': 0, 'thisRepN': 0}>
18.4896 	EXP 	bip: sampleRate = 48000
18.4900 	DEBUG 	Converted audio clip from mono to stereo
18.4904 	EXP 	Sound bip reached end of file
18.5038 	EXP 	Playing sound bip on speaker HP X27 (NVIDIA High Definition Audio)
18.4913 	DATA 	Keypress: space
18.5037 	EXP 	text: autoDraw = False
18.5037 	EXP 	fixation_bip: autoDraw = True
18.5888 	EXP 	Device response: <KeyPress from None: t=18.476507600047626, value=space, duration=0.1119555999757722>
19.5084 	EXP 	Sound bip reached end of file
19.5222 	EXP 	Sound bip reached end of file
25.1372 	EXP 	Device response: <KeyPress from None: t=25.132472000084817, value=lalt, duration=None>
25.9059 	EXP 	Device response: <KeyPress from None: t=25.90078860009089, value=lalt, duration=None>
25.9064 	DATA 	Keypress: lalt
34.5255 	DATA 	Mouse: Left button down, pos=(580,139)
34.6221 	DATA 	Mouse:  Left button up, pos=(580,139)
35.5058 	EXP 	Device response: <KeyPress from None: t=35.49249269999564, value=space, duration=None>
35.5065 	DATA 	Keypress: space
35.6886 	EXP 	Device response: <KeyPress from None: t=35.49249269999564, value=space, duration=0.1839514001039788>
36.0061 	DATA 	Mouse: Left button down, pos=(796,279)
36.1224 	DATA 	Mouse:  Left button up, pos=(796,279)
51.3048 	EXP 	Device response: <KeyPress from None: t=51.2924697000999, value=3, duration=None>
51.4545 	EXP 	Device response: <KeyPress from None: t=51.2924697000999, value=3, duration=0.16000969999004155>
55.8215 	DATA 	Mouse: Left button down, pos=(498,255)
55.9387 	DATA 	Mouse:  Left button up, pos=(498,255)
56.5715 	EXP 	Device response: <KeyPress from None: t=56.55644770001527, value=escape, duration=None>
56.5720 	DATA 	Keypress: escape
56.7213 	EXP 	Device response: <KeyPress from None: t=56.55644770001527, value=escape, duration=0.15203340002335608>
56.7214 	EXP 	dichotic_listening: status = STOPPED
56.7364 	EXP 	fixation_bip: autoDraw = False
56.7379 	EXP 	dichotic_listening: status = STOPPED
56.7397 	INFO 	saved data to 'C:\\Users\\User\\repos\\Dichotic\\psychopy_experiment\\data\\pilot_dichotic_listening_2025-12-19_17h55.40.540.csv'
56.7404 	INFO 	saved data to C:\Users\User\repos\Dichotic\psychopy_experiment\data\pilot_dichotic_listening_2025-12-19_17h55.40.540.psydat
56.8319 	DEBUG 	Saving data for dichotic_listening ExperimentHandler
56.8334 	WARNING 	Stopping key buffers but this could be dangerous ifother keyboards rely on the same.
