2.3204 	DEBUG 	Fullscreen settings ignored as running in pilot mode.
2.3209 	INFO 	Loaded monitor calibration from ['2025_12_16 10:09']
2.4743 	INFO 	Using renderer 'NVIDIA GeForce RTX 5070 Ti/PCIe/SSE2' for graphics
2.4743 	INFO 	OpenGL version supported by driver is 4..
2.4823 	EXP 	Created window1 = Window(allowGUI=False, allowStencil=False, autoLog=True, backendConf=UNKNOWN, backgroundFit=<method-wrapper '__getattribute__' of attributeSetter object at 0x000001F05E550A30>, backgroundImage=<method-wrapper '__getattribute__' of attributeSetter object at 0x000001F05E5509D0>, bitsMode=UNKNOWN, blendMode='avg', bpc=(8, 8, 8), color=array([0, 0, 0]), colorSpace='rgb', depthBits=8, fullscr=False, gamma=None, gammaErrorPolicy='raise', infoMsg=UNKNOWN, lms=UNKNOWN, monitor=<psychopy.monitors.calibTools.Monitor object at 0x000001F05E60E4D0>, multiSample=False, name='window1', numSamples=2, pos=[np.float64(560.0), np.float64(240.0)], screen=0, size=array([800, 600]), stencilBits=0, stereo=False, title='PsychoPy', units='height', useFBO=True, useRetina=False, viewOri=0.0, viewPos=None, viewScale=None, waitBlanking=True, winType='pyglet')
2.4823 	EXP 	window1: backgroundImage = ''
2.4823 	EXP 	window1: backgroundFit = 'none'
2.4922 	DEBUG 	TextBox2 loaded 1 chars with 0 blanks and 1 valid
2.4986 	DEBUG 	TextBox2 loaded 1 chars with 0 blanks and 1 valid
2.5055 	DEBUG 	TextBox2 loaded 1 chars with 0 blanks and 1 valid
2.5115 	DEBUG 	TextBox2 loaded 1 chars with 0 blanks and 1 valid
2.5175 	DEBUG 	TextBox2 loaded 1 chars with 0 blanks and 1 valid
2.5233 	DEBUG 	TextBox2 loaded 1 chars with 0 blanks and 1 valid
2.5291 	DEBUG 	TextBox2 loaded 1 chars with 0 blanks and 1 valid
2.5349 	DEBUG 	TextBox2 loaded 1 chars with 0 blanks and 1 valid
2.5411 	DEBUG 	TextBox2 loaded 1 chars with 0 blanks and 1 valid
2.5468 	DEBUG 	TextBox2 loaded 1 chars with 0 blanks and 1 valid
2.5529 	DEBUG 	TextBox2 loaded 1 chars with 0 blanks and 1 valid
2.5587 	DEBUG 	TextBox2 loaded 1 chars with 0 blanks and 1 valid
2.5646 	DEBUG 	TextBox2 loaded 1 chars with 0 blanks and 1 valid
2.5704 	DEBUG 	TextBox2 loaded 1 chars with 0 blanks and 1 valid
2.5764 	DEBUG 	TextBox2 loaded 1 chars with 0 blanks and 1 valid
2.5823 	DEBUG 	TextBox2 loaded 1 chars with 0 blanks and 1 valid
2.5882 	DEBUG 	TextBox2 loaded 1 chars with 0 blanks and 1 valid
2.5941 	DEBUG 	TextBox2 loaded 1 chars with 0 blanks and 1 valid
2.5999 	DEBUG 	TextBox2 loaded 1 chars with 0 blanks and 1 valid
2.6058 	DEBUG 	TextBox2 loaded 1 chars with 0 blanks and 1 valid
2.6060 	DEBUG 	Uploading Texture Font fontname to graphics card
2.6076 	DEBUG 	Upload of Texture Font fontname complete
2.6159 	DEBUG 	TextBox2 loaded 1 chars with 0 blanks and 1 valid
2.6220 	DEBUG 	TextBox2 loaded 1 chars with 0 blanks and 1 valid
2.6285 	DEBUG 	TextBox2 loaded 1 chars with 0 blanks and 1 valid
2.6286 	DEBUG 	Uploading Texture Font fontname to graphics card
2.6290 	DEBUG 	Upload of Texture Font fontname complete
2.6299 	EXP 	window1: Attempting to measure frame rate of screen (0) ...
2.6299 	EXP 	window1: recordFrameIntervals = False
2.8003 	EXP 	window1: recordFrameIntervals = True
2.9843 	EXP 	Screen (0) actual frame rate measured at 59.93Hz
2.9843 	EXP 	window1: recordFrameIntervals = False
2.9922 	DEBUG 	TextBox2 loaded 1 chars with 0 blanks and 1 valid
2.9982 	DEBUG 	TextBox2 loaded 1 chars with 0 blanks and 1 valid
3.0041 	DEBUG 	TextBox2 loaded 1 chars with 0 blanks and 1 valid
3.0100 	DEBUG 	TextBox2 loaded 1 chars with 0 blanks and 1 valid
3.0162 	DEBUG 	TextBox2 loaded 1 chars with 0 blanks and 1 valid
3.0221 	DEBUG 	TextBox2 loaded 1 chars with 0 blanks and 1 valid
3.0280 	DEBUG 	TextBox2 loaded 1 chars with 0 blanks and 1 valid
3.0339 	DEBUG 	TextBox2 loaded 1 chars with 0 blanks and 1 valid
3.0402 	DEBUG 	TextBox2 loaded 1 chars with 0 blanks and 1 valid
3.0462 	DEBUG 	TextBox2 loaded 1 chars with 0 blanks and 1 valid
3.0522 	DEBUG 	TextBox2 loaded 1 chars with 0 blanks and 1 valid
3.0524 	DEBUG 	Uploading Texture Font fontname to graphics card
3.0527 	DEBUG 	Upload of Texture Font fontname complete
3.3004 	INFO 	keyboard.Keyboard is using ptb backend.
3.3004 	EXP 	dichotic_listening_probe: status = STARTED
3.4313 	INFO 	Loaded psychtoolbox audio version 3.0.19.696976569
3.4507 	WARNING 	No default speaker specified in Preferences / Hardware, using first speaker found: Speakers (Realtek(R) Audio)
3.4507 	DEBUG 	Found speaker device: Speakers (Realtek(R) Audio) (2.0)
3.5137 	INFO 	Created stream for speaker device: Speakers (Realtek(R) Audio) (2.0)
3.5145 	EXP 	: sampleRate = 48000
3.5146 	EXP 	: channels = None
3.5153 	EXP 	: sampleRate = 44100
3.5317 	INFO 	Resampled audio from 44100Hz to 48000Hz using method 'default'.
3.5377 	WARNING 	No default speaker specified in Preferences / Hardware, using first speaker found: Speakers (Realtek(R) Audio)
3.5377 	DEBUG 	Found speaker device: Speakers (Realtek(R) Audio) (2.0)
3.5408 	INFO 	Created stream for speaker device: Speakers (Realtek(R) Audio) (2.0)
3.5416 	EXP 	: sampleRate = 48000
3.5416 	EXP 	: channels = None
3.5420 	EXP 	: sampleRate = 44100
3.5666 	INFO 	Resampled audio from 44100Hz to 48000Hz using method 'default'.
3.5726 	WARNING 	No default speaker specified in Preferences / Hardware, using first speaker found: Speakers (Realtek(R) Audio)
3.5726 	DEBUG 	Found speaker device: Speakers (Realtek(R) Audio) (2.0)
3.5757 	INFO 	Created stream for speaker device: Speakers (Realtek(R) Audio) (2.0)
3.5765 	EXP 	: sampleRate = 48000
3.5765 	EXP 	: channels = None
3.5769 	EXP 	: sampleRate = 44100
3.5971 	INFO 	Resampled audio from 44100Hz to 48000Hz using method 'default'.
3.6031 	WARNING 	No default speaker specified in Preferences / Hardware, using first speaker found: Speakers (Realtek(R) Audio)
3.6032 	DEBUG 	Found speaker device: Speakers (Realtek(R) Audio) (2.0)
3.6063 	INFO 	Created stream for speaker device: Speakers (Realtek(R) Audio) (2.0)
3.6071 	EXP 	: sampleRate = 48000
3.6071 	EXP 	: channels = None
3.6074 	EXP 	: sampleRate = 44100
3.6119 	INFO 	Resampled audio from 44100Hz to 48000Hz using method 'default'.
3.6172 	WARNING 	No default speaker specified in Preferences / Hardware, using first speaker found: Speakers (Realtek(R) Audio)
3.6172 	DEBUG 	Found speaker device: Speakers (Realtek(R) Audio) (2.0)
3.6198 	INFO 	Created stream for speaker device: Speakers (Realtek(R) Audio) (2.0)
3.6205 	EXP 	: sampleRate = 48000
3.6205 	EXP 	: channels = None
3.6208 	EXP 	: sampleRate = 44100
3.6463 	INFO 	Resampled audio from 44100Hz to 48000Hz using method 'default'.
3.6568 	EXP 	Created text_instructions = TextStim(__class__=<class 'psychopy.visual.text.TextStim'>, alignHoriz=method-wrapper(...), alignText='center', alignVert=method-wrapper(...), anchorHoriz='center', anchorVert='center', antialias=True, autoDraw=False, autoLog=True, bold=False, color=array([1., 1., 1.]), colorSpace='rgb', contrast=1.0, depth=-2.0, draggable=False, flipHoriz=False, flipVert=False, font='Arial', fontFiles=[], height=0.05, italic=False, languageStyle='LTR', name='text_instructions', opacity=1, ori=0.0, pos=array([0., 0.]), rgb=UNKNOWN, text='', units='height', win=Window(...), wrapWidth=1)
3.6572 	EXP 	Created text_prompt = TextStim(__class__=<class 'psychopy.visual.text.TextStim'>, alignHoriz=method-wrapper(...), alignText='center', alignVert=method-wrapper(...), anchorHoriz='center', anchorVert='center', antialias=True, autoDraw=False, autoLog=True, bold=False, color=array([1., 1., 1.]), colorSpace='rgb', contrast=1.0, depth=-1.0, draggable=False, flipHoriz=False, flipVert=False, font='Arial', fontFiles=[], height=0.05, italic=False, languageStyle='LTR', name='text_prompt', opacity=1, ori=0.0, pos=array([0., 0.]), rgb=UNKNOWN, text='', units='height', win=Window(...), wrapWidth=1)
3.6622 	WARNING 	No default speaker specified in Preferences / Hardware, using first speaker found: Speakers (Realtek(R) Audio)
3.6622 	DEBUG 	Found speaker device: Speakers (Realtek(R) Audio) (2.0)
3.6652 	INFO 	Created stream for speaker device: Speakers (Realtek(R) Audio) (2.0)
3.6659 	EXP 	bip: sampleRate = 48000
3.6660 	EXP 	bip: channels = None
3.6691 	DEBUG 	Converted audio clip from mono to stereo
3.6706 	EXP 	Sound bip set volume 1.000
3.6723 	EXP 	Created fixation_bip = ShapeStim(__class__=<class 'psychopy.visual.shape.ShapeStim'>, anchor=('center', 'center'), autoDraw=False, autoLog=True, closeShape=True, color=method-wrapper(...), colorSpace='rgb', contrast=None, depth=-2.0, draggable=False, fillColor=array([1, 1, 1]), fillColorSpace='rgb', fillRGB=array([1, 1, 1]), interpolate=True, lineColor=array([1., 1., 1.]), lineColorSpace='rgb', lineRGB=array([1, 1, 1]), lineWidth=1.0, name='fixation_bip', opacity=1, ori=0.0, pos=array([0., 0.]), size=array([0.1, 0.1]), units='height', vertices=ndarray(...), win=Window(...), windingRule=None)
3.6732 	EXP 	Created final_silence = ShapeStim(__class__=<class 'psychopy.visual.shape.ShapeStim'>, anchor=('center', 'center'), autoDraw=False, autoLog=True, closeShape=True, color=method-wrapper(...), colorSpace='rgb', contrast=None, depth=-3.0, draggable=False, fillColor=array([1, 1, 1]), fillColorSpace='rgb', fillRGB=array([1, 1, 1]), interpolate=True, lineColor=array([1., 1., 1.]), lineColorSpace='rgb', lineRGB=array([1, 1, 1]), lineWidth=1.0, name='final_silence', opacity=1, ori=0.0, pos=array([0., 0.]), size=array([0.1, 0.1]), units='height', vertices=ndarray(...), win=Window(...), windingRule=None)
3.6740 	EXP 	Created polygon = ShapeStim(__class__=<class 'psychopy.visual.shape.ShapeStim'>, anchor=('center', 'center'), autoDraw=False, autoLog=True, closeShape=True, color=method-wrapper(...), colorSpace='rgb', contrast=None, depth=-1.0, draggable=False, fillColor=array([1, 1, 1]), fillColorSpace='rgb', fillRGB=array([1, 1, 1]), interpolate=True, lineColor=array([1., 1., 1.]), lineColorSpace='rgb', lineRGB=array([1, 1, 1]), lineWidth=1.0, name='polygon', opacity=1, ori=0.0, pos=array([0., 0.]), size=array([0.1, 0.1]), units='height', vertices=ndarray(...), win=Window(...), windingRule=None)
3.6795 	WARNING 	No default speaker specified in Preferences / Hardware, using first speaker found: Speakers (Realtek(R) Audio)
3.6795 	DEBUG 	Found speaker device: Speakers (Realtek(R) Audio) (2.0)
3.6826 	INFO 	Created stream for speaker device: Speakers (Realtek(R) Audio) (2.0)
3.6834 	EXP 	bip: sampleRate = 48000
3.6834 	EXP 	bip: channels = None
3.6865 	DEBUG 	Converted audio clip from mono to stereo
3.6880 	EXP 	Sound bip set volume 1.000
3.6892 	EXP 	Created fixation_bip = ShapeStim(__class__=<class 'psychopy.visual.shape.ShapeStim'>, anchor=('center', 'center'), autoDraw=False, autoLog=True, closeShape=True, color=method-wrapper(...), colorSpace='rgb', contrast=None, depth=-2.0, draggable=False, fillColor=array([1, 1, 1]), fillColorSpace='rgb', fillRGB=array([1, 1, 1]), interpolate=True, lineColor=array([1., 1., 1.]), lineColorSpace='rgb', lineRGB=array([1, 1, 1]), lineWidth=1.0, name='fixation_bip', opacity=1, ori=0.0, pos=array([0., 0.]), size=array([0.1, 0.1]), units='height', vertices=ndarray(...), win=Window(...), windingRule=None)
3.6902 	EXP 	Created final_silence = ShapeStim(__class__=<class 'psychopy.visual.shape.ShapeStim'>, anchor=('center', 'center'), autoDraw=False, autoLog=True, closeShape=True, color=method-wrapper(...), colorSpace='rgb', contrast=None, depth=-3.0, draggable=False, fillColor=array([1, 1, 1]), fillColorSpace='rgb', fillRGB=array([1, 1, 1]), interpolate=True, lineColor=array([1., 1., 1.]), lineColorSpace='rgb', lineRGB=array([1, 1, 1]), lineWidth=1.0, name='final_silence', opacity=1, ori=0.0, pos=array([0., 0.]), size=array([0.1, 0.1]), units='height', vertices=ndarray(...), win=Window(...), windingRule=None)
3.6905 	EXP 	Created questionary_text = TextStim(__class__=<class 'psychopy.visual.text.TextStim'>, alignHoriz=method-wrapper(...), alignText='center', alignVert=method-wrapper(...), anchorHoriz='center', anchorVert='center', antialias=True, autoDraw=False, autoLog=True, bold=False, color=array([1., 1., 1.]), colorSpace='rgb', contrast=1.0, depth=-2.0, draggable=False, flipHoriz=False, flipVert=False, font='Arial', fontFiles=[], height=0.05, italic=False, languageStyle='LTR', name='questionary_text', opacity=1, ori=0.0, pos=array([0., 0.]), rgb=UNKNOWN, text='', units='height', win=Window(...), wrapWidth=1)
3.7082 	EXP 	Created final_text = TextStim(__class__=<class 'psychopy.visual.text.TextStim'>, alignHoriz=method-wrapper(...), alignText='center', alignVert=method-wrapper(...), anchorHoriz='center', anchorVert='center', antialias=True, autoDraw=False, autoLog=True, bold=False, color=array([1., 1., 1.]), colorSpace='rgb', contrast=1.0, depth=-2.0, draggable=False, flipHoriz=False, flipVert=False, font='Arial', fontFiles=[], height=np.float64(0.05), italic=False, languageStyle='LTR', name='final_text', opacity=1, ori=0.0, pos=array([0., 0.]), rgb=UNKNOWN, text=str(...), units='height', win=Window(...), wrapWidth=1)
2.0095 	INFO 	Keyboard events cleared
2.0095 	EXP 	text_instructions: autoDraw = True
3.2471 	EXP 	Device response: <KeyPress from None: t=3.234545600018464, value=space, duration=None>
3.2492 	DEBUG 	Read csv file with pandas: conditions.csv
3.2497 	DEBUG 	Clearing unnamed columns from conditions.csv
3.2502 	EXP 	Imported conditions.csv as conditions, 5 conditions, 8 params
3.2504 	EXP 	New trial (rep=0, index=0): <Trial 0 (0 in rep 0) data={'story_a_side': 'right', 'story_b_side': 'left', 'story_a_voice': 'M', 'story_b_voice': 'F', 'condition_label': 'FR_ML', 'ordered': np.False_, 'target': 'Right', 'target_label': 'B', 'thisN': 0, 'thisTrialN': 0, 'thisRepN': 0}>
3.2557 	DATA 	Keypress: space
3.2612 	INFO 	Keyboard events cleared
3.2611 	EXP 	text_instructions: autoDraw = False
3.2611 	EXP 	text_prompt: height = np.float64(0.05)
3.2611 	EXP 	text_prompt: height = np.float64(0.05)
3.2611 	EXP 	text_prompt: height = np.float64(0.05)
3.2611 	EXP 	text_prompt: text = 'Presta atención a la historia del lado DERECHO (>>>).\n\n\nApretá ESPACIO para continuar...'
3.2611 	EXP 	text_prompt: autoDraw = True
3.3114 	EXP 	Device response: <KeyPress from None: t=3.234545600018464, value=space, duration=0.07194539997726679>
3.9616 	EXP 	Device response: <KeyPress from None: t=3.9545241999439895, value=space, duration=None>
3.9618 	EXP 	New trial (rep=0, index=0): <Trial 0 (0 in rep 0) data={'thisN': 0, 'thisTrialN': 0, 'thisRepN': 0}>
3.9626 	EXP 	bip: sampleRate = 48000
3.9634 	EXP 	Sound bip reached end of file
3.9771 	EXP 	Playing sound bip on speaker Speakers (Realtek(R) Audio)
3.9643 	DATA 	Keypress: space
3.9769 	EXP 	text_prompt: autoDraw = False
3.9769 	EXP 	fixation_bip: autoDraw = True
4.0622 	EXP 	Device response: <KeyPress from None: t=3.9545241999439895, value=space, duration=0.10406250006053597>
4.4785 	EXP 	Sound bip reached end of file
4.4934 	EXP 	Sound bip reached end of file
4.5090 	EXP 	fixation_bip: autoDraw = False
4.5090 	EXP 	final_silence: autoDraw = True
4.9939 	EXP 	New trial (rep=1, index=0): <Trial 1 (0 in rep 1) data={'thisN': 1, 'thisTrialN': 0, 'thisRepN': 1}>
4.9946 	EXP 	bip: sampleRate = 48000
4.9952 	EXP 	Sound bip reached end of file
5.0093 	EXP 	Playing sound bip on speaker Speakers (Realtek(R) Audio)
5.0093 	EXP 	final_silence: autoDraw = False
5.0093 	EXP 	fixation_bip: autoDraw = False
5.0093 	EXP 	final_silence: autoDraw = False
5.0093 	EXP 	fixation_bip: autoDraw = True
5.5114 	EXP 	Sound bip reached end of file
5.5272 	EXP 	Sound bip reached end of file
5.5426 	EXP 	fixation_bip: autoDraw = False
5.5426 	EXP 	final_silence: autoDraw = True
5.6937 	EXP 	Device response: <KeyPress from None: t=5.690501399920322, value=escape, duration=None>
5.6941 	DATA 	Keypress: escape
5.8272 	EXP 	Device response: <KeyPress from None: t=5.690501399920322, value=escape, duration=0.1359533000504598>
5.8272 	EXP 	dichotic_listening_probe: status = STOPPED
5.8427 	EXP 	final_silence: autoDraw = False
5.8438 	EXP 	dichotic_listening_probe: status = STOPPED
5.8458 	INFO 	saved data to 'C:\\Users\\jocta\\repos\\Dichotic\\psychopy_experiment\\data\\pilot_dichotic_listening_probe_2026-01-08_10h55.18.054.csv'
5.8464 	INFO 	saved data to C:\Users\jocta\repos\Dichotic\psychopy_experiment\data\pilot_dichotic_listening_probe_2026-01-08_10h55.18.054.psydat
5.9716 	DEBUG 	Saving data for dichotic_listening_probe ExperimentHandler
5.9731 	WARNING 	Stopping key buffers but this could be dangerous ifother keyboards rely on the same.
