2.7984 	DEBUG 	Fullscreen settings ignored as running in pilot mode.
2.7990 	INFO 	Loaded monitor calibration from ['2025_07_28 13:00']
3.0323 	INFO 	Using renderer 'NVIDIA GeForce RTX 3060 Ti/PCIe/SSE2' for graphics
3.0323 	INFO 	OpenGL version supported by driver is 4..
3.0413 	EXP 	Created window1 = Window(allowGUI=False, allowStencil=False, autoLog=True, backendConf=UNKNOWN, backgroundFit=<method-wrapper '__getattribute__' of attributeSetter object at 0x0000027C5BF27EB0>, backgroundImage=<method-wrapper '__getattribute__' of attributeSetter object at 0x0000027C5BF27E50>, bitsMode=UNKNOWN, blendMode='avg', bpc=(8, 8, 8), color=array([0, 0, 0]), colorSpace='rgb', depthBits=8, fullscr=False, gamma=None, gammaErrorPolicy='raise', infoMsg=UNKNOWN, lms=UNKNOWN, monitor=<psychopy.monitors.calibTools.Monitor object at 0x0000027C5C019F30>, multiSample=False, name='window1', numSamples=2, pos=[np.float64(560.0), np.float64(240.0)], screen=0, size=array([800, 600]), stencilBits=0, stereo=False, title='PsychoPy', units='height', useFBO=True, useRetina=False, viewOri=0.0, viewPos=None, viewScale=None, waitBlanking=True, winType='pyglet')
3.0413 	EXP 	window1: backgroundImage = ''
3.0414 	EXP 	window1: backgroundFit = 'none'
3.0546 	DEBUG 	TextBox2 loaded 1 chars with 0 blanks and 1 valid
3.0634 	DEBUG 	TextBox2 loaded 1 chars with 0 blanks and 1 valid
3.0721 	DEBUG 	TextBox2 loaded 1 chars with 0 blanks and 1 valid
3.0809 	DEBUG 	TextBox2 loaded 1 chars with 0 blanks and 1 valid
3.0897 	DEBUG 	TextBox2 loaded 1 chars with 0 blanks and 1 valid
3.0982 	DEBUG 	TextBox2 loaded 1 chars with 0 blanks and 1 valid
3.1068 	DEBUG 	TextBox2 loaded 1 chars with 0 blanks and 1 valid
3.1157 	DEBUG 	TextBox2 loaded 1 chars with 0 blanks and 1 valid
3.1240 	DEBUG 	TextBox2 loaded 1 chars with 0 blanks and 1 valid
3.1324 	DEBUG 	TextBox2 loaded 1 chars with 0 blanks and 1 valid
3.1411 	DEBUG 	TextBox2 loaded 1 chars with 0 blanks and 1 valid
3.1500 	DEBUG 	TextBox2 loaded 1 chars with 0 blanks and 1 valid
3.1586 	DEBUG 	TextBox2 loaded 1 chars with 0 blanks and 1 valid
3.1672 	DEBUG 	TextBox2 loaded 1 chars with 0 blanks and 1 valid
3.1757 	DEBUG 	TextBox2 loaded 1 chars with 0 blanks and 1 valid
3.1844 	DEBUG 	TextBox2 loaded 1 chars with 0 blanks and 1 valid
3.1931 	DEBUG 	TextBox2 loaded 1 chars with 0 blanks and 1 valid
3.2015 	DEBUG 	TextBox2 loaded 1 chars with 0 blanks and 1 valid
3.2099 	DEBUG 	TextBox2 loaded 1 chars with 0 blanks and 1 valid
3.2187 	DEBUG 	TextBox2 loaded 1 chars with 0 blanks and 1 valid
3.2274 	DEBUG 	TextBox2 loaded 1 chars with 0 blanks and 1 valid
3.2277 	DEBUG 	Uploading Texture Font fontname to graphics card
3.2289 	DEBUG 	Upload of Texture Font fontname complete
3.2410 	DEBUG 	TextBox2 loaded 1 chars with 0 blanks and 1 valid
3.2500 	DEBUG 	TextBox2 loaded 1 chars with 0 blanks and 1 valid
3.2588 	DEBUG 	TextBox2 loaded 1 chars with 0 blanks and 1 valid
3.2590 	DEBUG 	Uploading Texture Font fontname to graphics card
3.2596 	DEBUG 	Upload of Texture Font fontname complete
3.2610 	EXP 	window1: Attempting to measure frame rate of screen (0) ...
3.2610 	EXP 	window1: recordFrameIntervals = False
3.4330 	EXP 	window1: recordFrameIntervals = True
3.6508 	EXP 	Screen (0) actual frame rate measured at 59.58Hz
3.6509 	EXP 	window1: recordFrameIntervals = False
3.6638 	DEBUG 	TextBox2 loaded 1 chars with 0 blanks and 1 valid
3.6726 	DEBUG 	TextBox2 loaded 1 chars with 0 blanks and 1 valid
3.6814 	DEBUG 	TextBox2 loaded 1 chars with 0 blanks and 1 valid
3.6903 	DEBUG 	TextBox2 loaded 1 chars with 0 blanks and 1 valid
3.6993 	DEBUG 	TextBox2 loaded 1 chars with 0 blanks and 1 valid
3.7083 	DEBUG 	TextBox2 loaded 1 chars with 0 blanks and 1 valid
3.7170 	DEBUG 	TextBox2 loaded 1 chars with 0 blanks and 1 valid
3.7260 	DEBUG 	TextBox2 loaded 1 chars with 0 blanks and 1 valid
3.7348 	DEBUG 	TextBox2 loaded 1 chars with 0 blanks and 1 valid
3.7434 	DEBUG 	TextBox2 loaded 1 chars with 0 blanks and 1 valid
3.7438 	DEBUG 	Uploading Texture Font fontname to graphics card
3.7442 	DEBUG 	Upload of Texture Font fontname complete
3.9004 	INFO 	keyboard.Keyboard is using ptb backend.
3.9016 	WARNING 	Both 'index' and 'name' were provided to SpeakerDevice; ignoring 'index'
4.0508 	DEBUG 	Found speaker device: Realtek HD Audio 2nd output (Realtek(R) Audio) (4.0)
4.0626 	INFO 	New audio device 4 with handle 0 opened as PortAudio stream:
4.0626 	INFO 	For 2 channels Playback: Audio subsystem is Windows WASAPI, Audio device name is Realtek HD Audio 2nd output (Realtek(R) Audio)
4.0626 	INFO 	Real samplerate 48000.000000 Hz. Input latency 0.000000 msecs, Output latency 22.000000 msecs.
4.0626 	INFO 	Created stream for speaker device: Realtek HD Audio 2nd output (Realtek(R) Audio) (4.0)
4.0634 	EXP 	dichotic_listening: status = STARTED
4.1070 	EXP 	Created text_instructions = TextStim(__class__=<class 'psychopy.visual.text.TextStim'>, alignHoriz=method-wrapper(...), alignText='center', alignVert=method-wrapper(...), anchorHoriz='center', anchorVert='center', antialias=True, autoDraw=False, autoLog=True, bold=False, color=array([1., 1., 1.]), colorSpace='rgb', contrast=1.0, depth=-1.0, draggable=False, flipHoriz=False, flipVert=False, font='Arial', fontFiles=[], height=np.float64(0.05), italic=False, languageStyle='LTR', name='text_instructions', opacity=1, ori=0.0, pos=array([0., 0.]), rgb=UNKNOWN, text=str(...), units='height', win=Window(...), wrapWidth=1)
4.1075 	EXP 	Created text = TextStim(__class__=<class 'psychopy.visual.text.TextStim'>, alignHoriz=method-wrapper(...), alignText='center', alignVert=method-wrapper(...), anchorHoriz='center', anchorVert='center', antialias=True, autoDraw=False, autoLog=True, bold=False, color=array([1., 1., 1.]), colorSpace='rgb', contrast=1.0, depth=-1.0, draggable=False, flipHoriz=False, flipVert=False, font='Arial', fontFiles=[], height=0.05, italic=False, languageStyle='LTR', name='text', opacity=1, ori=0.0, pos=array([0., 0.]), rgb=UNKNOWN, text='', units='height', win=Window(...), wrapWidth=1)
4.1173 	INFO 	Loaded psychtoolbox audio version 3.0.19.696976569
4.1174 	EXP 	bip: sampleRate = 48000
4.1174 	EXP 	bip: channels = None
4.1223 	DEBUG 	Converted audio clip from mono to stereo
4.1247 	EXP 	Sound bip set volume 1.000
4.1335 	WARNING 	No default speaker specified in Preferences / Hardware, using first speaker found: HP X27 (NVIDIA High Definition Audio)
4.1336 	DEBUG 	Found speaker device: HP X27 (NVIDIA High Definition Audio) (3.0)
4.1442 	INFO 	Created stream for speaker device: HP X27 (NVIDIA High Definition Audio) (3.0)
4.1451 	EXP 	audiobook: sampleRate = 48000
4.1451 	EXP 	audiobook: channels = None
4.1502 	DEBUG 	Converted audio clip from mono to stereo
4.1528 	EXP 	Sound audiobook set volume 1.000
4.1551 	EXP 	Created fixation_listening = ShapeStim(__class__=<class 'psychopy.visual.shape.ShapeStim'>, anchor=('center', 'center'), autoDraw=False, autoLog=True, closeShape=True, color=method-wrapper(...), colorSpace='rgb', contrast=None, depth=-2.0, draggable=False, fillColor=array([1, 1, 1]), fillColorSpace='rgb', fillRGB=array([1, 1, 1]), interpolate=True, lineColor=array([1., 1., 1.]), lineColorSpace='rgb', lineRGB=array([1, 1, 1]), lineWidth=1.0, name='fixation_listening', opacity=1, ori=0.0, pos=array([0., 0.]), size=array([0.1, 0.1]), units='height', vertices=ndarray(...), win=Window(...), windingRule=None)
4.1632 	EXP 	bip: sampleRate = 48000
4.1632 	EXP 	bip: channels = None
4.1681 	DEBUG 	Converted audio clip from mono to stereo
4.1704 	EXP 	Sound bip set volume 1.000
4.1711 	EXP 	Created questionary_text = TextStim(__class__=<class 'psychopy.visual.text.TextStim'>, alignHoriz=method-wrapper(...), alignText='center', alignVert=method-wrapper(...), anchorHoriz='center', anchorVert='center', antialias=True, autoDraw=False, autoLog=True, bold=False, color=array([1., 1., 1.]), colorSpace='rgb', contrast=1.0, depth=-2.0, draggable=False, flipHoriz=False, flipVert=False, font='Arial', fontFiles=[], height=0.05, italic=False, languageStyle='LTR', name='questionary_text', opacity=1, ori=0.0, pos=array([0., 0.]), rgb=UNKNOWN, text='', units='height', win=Window(...), wrapWidth=1)
0.0784 	INFO 	Keyboard events cleared
2.0128 	EXP 	text_instructions: autoDraw = True
3.7346 	EXP 	Device response: <KeyPress from None: t=3.7193763999966905, value=space, duration=None>
3.7397 	DEBUG 	Read excel file with openpyxl: conditions.xlsx
3.7403 	EXP 	Imported conditions.xlsx as conditions, 8 conditions, 6 params
3.7407 	EXP 	New trial (rep=0, index=0): <Trial 0 (0 in rep 0) data={'story_a_side': 'right', 'story_b_side': 'left', 'story_a_voice': 'M', 'story_b_voice': 'F', 'condition_label': 'FR_ML_BA', 'target': 'Left', 'thisN': 0, 'thisTrialN': 0, 'thisRepN': 0}>
3.7461 	DATA 	Keypress: space
3.7618 	INFO 	Keyboard events cleared
3.7618 	EXP 	text_instructions: autoDraw = False
3.7618 	EXP 	text: height = np.float64(0.05)
3.7618 	EXP 	text: height = np.float64(0.05)
3.7618 	EXP 	text: height = np.float64(0.05)
3.7618 	EXP 	text: text = 'Presta atención a la historia del lado izquierdo.\n\n\nPresioná la barra espaciadora para continuar...'
3.7618 	EXP 	text: autoDraw = True
3.8485 	EXP 	Device response: <KeyPress from None: t=3.7193763999966905, value=space, duration=0.12796529999468476>
9.1652 	EXP 	Device response: <KeyPress from None: t=9.151263499981724, value=space, duration=None>
9.1654 	EXP 	New trial (rep=0, index=0): <Trial 0 (0 in rep 0) data={'thisN': 0, 'thisTrialN': 0, 'thisRepN': 0}>
9.1658 	EXP 	bip: sampleRate = 48000
9.1662 	DEBUG 	Converted audio clip from mono to stereo
9.1666 	EXP 	Sound bip reached end of file
9.1796 	EXP 	Playing sound bip on speaker Realtek HD Audio 2nd output (Realtek(R) Audio)
9.1670 	DATA 	Keypress: space
9.1793 	EXP 	text: autoDraw = False
9.2477 	EXP 	Device response: <KeyPress from None: t=9.151263499981724, value=space, duration=0.09594790008850396>
10.1861 	EXP 	Sound bip reached end of file
10.1980 	EXP 	Sound bip reached end of file
10.1981 	EXP 	New trial (rep=1, index=0): <Trial 1 (0 in rep 1) data={'thisN': 1, 'thisTrialN': 0, 'thisRepN': 1}>
10.1985 	EXP 	bip: sampleRate = 48000
10.1987 	DEBUG 	Converted audio clip from mono to stereo
10.1990 	EXP 	Sound bip reached end of file
10.2128 	EXP 	Playing sound bip on speaker Realtek HD Audio 2nd output (Realtek(R) Audio)
11.2150 	EXP 	Sound bip reached end of file
11.2296 	EXP 	Sound bip reached end of file
11.2297 	EXP 	New trial (rep=2, index=0): <Trial 2 (0 in rep 2) data={'thisN': 2, 'thisTrialN': 0, 'thisRepN': 2}>
11.2300 	EXP 	bip: sampleRate = 48000
11.2301 	DEBUG 	Converted audio clip from mono to stereo
11.2303 	EXP 	Sound bip reached end of file
11.2447 	EXP 	Playing sound bip on speaker Realtek HD Audio 2nd output (Realtek(R) Audio)
12.2476 	EXP 	Sound bip reached end of file
12.2628 	EXP 	Sound bip reached end of file
12.3076 	DEBUG 	Saving data for dichotic_listening ExperimentHandler
12.3085 	INFO 	saved data to C:\Users\User\repos\Dichotic\psychopy_experiment\data\pilot_dichotic_listening_2025-12-19_18h01.21.726.psydat
12.3097 	INFO 	saved data to 'C:\\Users\\User\\repos\\Dichotic\\psychopy_experiment\\data\\pilot_dichotic_listening_2025-12-19_18h01.21.726.csv'
12.3130 	WARNING 	Stopping key buffers but this could be dangerous ifother keyboards rely on the same.
